Using pre-set license
Built from '2021.3/staging' branch; Version is '2021.3.18f1 (3129e69bc0c7) revision 3221990'; Using compiler version '192829333'; Build Type 'Release'
OS: 'Windows 11  (10.0.22000) 64bit Professional' Language: 'zh' Physical Memory: 65273 MB
BatchMode: 1, IsHumanControllingUs: 0, StartBugReporterOnCrash: 0, Is64bit: 1, IsPro: 1

COMMAND LINE ARGUMENTS:
C:\Program Files\Unity\Hub\Editor\2021.3.18f1\Editor\Unity.exe
-adb2
-batchMode
-noUpm
-name
AssetImportWorker3
-projectPath
E:/作业/Dev UX/A3/Assessment3/Assessment3
-logFile
Logs/AssetImportWorker3.log
-srvPort
2280
Successfully changed project path to: E:/作业/Dev UX/A3/Assessment3/Assessment3
E:/作业/Dev UX/A3/Assessment3/Assessment3
[UnityMemory] Configuration Parameters - Can be set up in boot.config
    "memorysetup-bucket-allocator-granularity=16"
    "memorysetup-bucket-allocator-bucket-count=8"
    "memorysetup-bucket-allocator-block-size=33554432"
    "memorysetup-bucket-allocator-block-count=8"
    "memorysetup-main-allocator-block-size=16777216"
    "memorysetup-thread-allocator-block-size=16777216"
    "memorysetup-gfx-main-allocator-block-size=16777216"
    "memorysetup-gfx-thread-allocator-block-size=16777216"
    "memorysetup-cache-allocator-block-size=4194304"
    "memorysetup-typetree-allocator-block-size=2097152"
    "memorysetup-profiler-bucket-allocator-granularity=16"
    "memorysetup-profiler-bucket-allocator-bucket-count=8"
    "memorysetup-profiler-bucket-allocator-block-size=33554432"
    "memorysetup-profiler-bucket-allocator-block-count=8"
    "memorysetup-profiler-allocator-block-size=16777216"
    "memorysetup-profiler-editor-allocator-block-size=1048576"
    "memorysetup-temp-allocator-size-main=16777216"
    "memorysetup-job-temp-allocator-block-size=2097152"
    "memorysetup-job-temp-allocator-block-size-background=1048576"
    "memorysetup-job-temp-allocator-reduction-small-platforms=262144"
    "memorysetup-temp-allocator-size-background-worker=32768"
    "memorysetup-temp-allocator-size-job-worker=262144"
    "memorysetup-temp-allocator-size-preload-manager=33554432"
    "memorysetup-temp-allocator-size-nav-mesh-worker=65536"
    "memorysetup-temp-allocator-size-audio-worker=65536"
    "memorysetup-temp-allocator-size-cloud-worker=32768"
    "memorysetup-temp-allocator-size-gi-baking-worker=262144"
    "memorysetup-temp-allocator-size-gfx=262144"
Player connection [13544] Host "[IP] 192.168.2.247 [Port] 0 [Flags] 2 [Guid] 3115415710 [EditorId] 3115415710 [Version] 1048832 [Id] WindowsEditor(7,TakoDesktop) [Debug] 1 [PackageName] WindowsEditor [ProjectName] Editor" joined multi-casting on [225.0.0.222:54997]...

Player connection [13544] Host "[IP] 192.168.2.247 [Port] 0 [Flags] 2 [Guid] 3115415710 [EditorId] 3115415710 [Version] 1048832 [Id] WindowsEditor(7,TakoDesktop) [Debug] 1 [PackageName] WindowsEditor [ProjectName] Editor" joined alternative multi-casting on [225.0.0.222:34997]...

Refreshing native plugins compatible for Editor in 53.50 ms, found 3 plugins.
Preloading 0 native plugins for Editor in 0.00 ms.
Initialize engine version: 2021.3.18f1 (3129e69bc0c7)
[Subsystems] Discovering subsystems at path C:/Program Files/Unity/Hub/Editor/2021.3.18f1/Editor/Data/Resources/UnitySubsystems
[Subsystems] Discovering subsystems at path E:/作业/Dev UX/A3/Assessment3/Assessment3/Assets
GfxDevice: creating device client; threaded=0; jobified=0
Direct3D:
    Version:  Direct3D 11.0 [level 11.1]
    Renderer: NVIDIA GeForce RTX 3080 (ID=0x2216)
    Vendor:   NVIDIA
    VRAM:     10067 MB
    Driver:   31.0.15.4633
Initialize mono
Mono path[0] = 'C:/Program Files/Unity/Hub/Editor/2021.3.18f1/Editor/Data/Managed'
Mono path[1] = 'C:/Program Files/Unity/Hub/Editor/2021.3.18f1/Editor/Data/MonoBleedingEdge/lib/mono/unityjit-win32'
Mono config path = 'C:/Program Files/Unity/Hub/Editor/2021.3.18f1/Editor/Data/MonoBleedingEdge/etc'
Using monoOptions --debugger-agent=transport=dt_socket,embedding=1,server=y,suspend=n,address=127.0.0.1:56836
Begin MonoManager ReloadAssembly
Registering precompiled unity dll's ...
Register platform support module: C:/Program Files/Unity/Hub/Editor/2021.3.18f1/Editor/Data/PlaybackEngines/WebGLSupport/UnityEditor.WebGL.Extensions.dll
Register platform support module: C:/Program Files/Unity/Hub/Editor/2021.3.18f1/Editor/Data/PlaybackEngines/WindowsStandaloneSupport/UnityEditor.WindowsStandalone.Extensions.dll
Registered in 0.002243 seconds.
Native extension for WindowsStandalone target not found
Native extension for WebGL target not found
Refreshing native plugins compatible for Editor in 53.23 ms, found 3 plugins.
Preloading 0 native plugins for Editor in 0.00 ms.
Mono: successfully reloaded assembly
- Completed reload, in  0.377 seconds
Domain Reload Profiling:
	ReloadAssembly (377ms)
		BeginReloadAssembly (47ms)
			ExecutionOrderSort (0ms)
			DisableScriptedObjects (0ms)
			BackupInstance (0ms)
			ReleaseScriptingObjects (0ms)
			CreateAndSetChildDomain (0ms)
		EndReloadAssembly (268ms)
			LoadAssemblies (45ms)
			RebuildTransferFunctionScriptingTraits (0ms)
			SetupTypeCache (63ms)
			ReleaseScriptCaches (0ms)
			RebuildScriptCaches (16ms)
			SetupLoadedEditorAssemblies (160ms)
				LogAssemblyErrors (0ms)
				InitializePlatformSupportModulesInManaged (5ms)
				SetLoadedEditorAssemblies (0ms)
				RefreshPlugins (53ms)
				BeforeProcessingInitializeOnLoad (1ms)
				ProcessInitializeOnLoadAttributes (73ms)
				ProcessInitializeOnLoadMethodAttributes (28ms)
				AfterProcessingInitializeOnLoad (0ms)
				EditorAssembliesLoaded (0ms)
			ExecutionOrderSort2 (0ms)
			AwakeInstancesAfterBackupRestoration (0ms)
Platform modules already initialized, skipping
Registering precompiled user dll's ...
Registered in 0.001681 seconds.
Begin MonoManager ReloadAssembly
Symbol file LoadedFromMemory doesn't match image E:\作业\Dev UX\A3\Assessment3\Assessment3\Library\PackageCache\com.unity.visualscripting@1.8.0\Editor\VisualScripting.Core\Dependencies\YamlDotNet\Unity.VisualScripting.YamlDotNet.dll
Symbol file LoadedFromMemory doesn't match image E:\作业\Dev UX\A3\Assessment3\Assessment3\Library\PackageCache\com.unity.visualscripting@1.8.0\Editor\VisualScripting.Core\Dependencies\DotNetZip\Unity.VisualScripting.IonicZip.dll
Native extension for WindowsStandalone target not found
Native extension for WebGL target not found
Refreshing native plugins compatible for Editor in 66.19 ms, found 3 plugins.
Preloading 0 native plugins for Editor in 0.00 ms.
Mono: successfully reloaded assembly
- Completed reload, in  0.796 seconds
Domain Reload Profiling:
	ReloadAssembly (796ms)
		BeginReloadAssembly (63ms)
			ExecutionOrderSort (0ms)
			DisableScriptedObjects (3ms)
			BackupInstance (0ms)
			ReleaseScriptingObjects (0ms)
			CreateAndSetChildDomain (12ms)
		EndReloadAssembly (667ms)
			LoadAssemblies (45ms)
			RebuildTransferFunctionScriptingTraits (0ms)
			SetupTypeCache (205ms)
			ReleaseScriptCaches (0ms)
			RebuildScriptCaches (45ms)
			SetupLoadedEditorAssemblies (323ms)
				LogAssemblyErrors (0ms)
				InitializePlatformSupportModulesInManaged (5ms)
				SetLoadedEditorAssemblies (0ms)
				RefreshPlugins (66ms)
				BeforeProcessingInitializeOnLoad (50ms)
				ProcessInitializeOnLoadAttributes (189ms)
				ProcessInitializeOnLoadMethodAttributes (9ms)
				AfterProcessingInitializeOnLoad (4ms)
				EditorAssembliesLoaded (0ms)
			ExecutionOrderSort2 (0ms)
			AwakeInstancesAfterBackupRestoration (4ms)
Platform modules already initialized, skipping
========================================================================
Worker process is ready to serve import requests
Launched and connected shader compiler UnityShaderCompiler.exe after 0.04 seconds
Refreshing native plugins compatible for Editor in 0.43 ms, found 3 plugins.
Preloading 0 native plugins for Editor in 0.00 ms.
Unloading 3749 Unused Serialized files (Serialized files now loaded: 0)
Unloading 52 unused Assets / (1.4 MB). Loaded Objects now: 4222.
Memory consumption went from 162.1 MB to 160.7 MB.
Total: 2.141700 ms (FindLiveObjects: 0.169700 ms CreateObjectMapping: 0.073600 ms MarkObjects: 1.711900 ms  DeleteObjects: 0.185800 ms)

AssetImportParameters requested are different than current active one (requested -> active):
  custom:video-decoder-ogg-theora: a1e56fd34408186e4bbccfd4996cb3dc -> 
  custom:container-muxer-webm: aa71ff27fc2769a1b78a27578f13a17b -> 
  custom:container-demuxer-webm: 4f35f7cbe854078d1ac9338744f61a02 -> 
  custom:video-encoder-webm-vp8: eb34c28f22e8b96e1ab97ce403110664 -> 
  custom:audio-encoder-webm-vorbis: bf7c407c2cedff20999df2af8eb42d56 -> 
  custom:framework-win-MediaFoundation: 216162199b28c13a410421893ffa2e32 -> 
  custom:container-demuxer-ogg: 62fdf1f143b41e24485cea50d1cbac27 -> 
  custom:video-decoder-webm-vp8: 9c59270c3fd7afecdb556c50c9e8de78 -> 
  custom:audio-decoder-ogg-vorbis: bf7c407c2cedff20999df2af8eb42d56 -> 
========================================================================
Received Import Request.
  Time since last request: 652320.172962 seconds.
  path: Assets/UnityStore/DinV/Dynamic Space Background/Sprites/Nebula Blue.png
  artifactKey: Guid(ddcac1fac1f5c8943a30c2ef6b724062) Importer(815301076,1909f56bfc062723c751e8b465ee728b)
Start importing Assets/UnityStore/DinV/Dynamic Space Background/Sprites/Nebula Blue.png using Guid(ddcac1fac1f5c8943a30c2ef6b724062) Importer(815301076,1909f56bfc062723c751e8b465ee728b)  -> (artifact id: 'd215ed5a542d66a785db54b416c7dd8d') in 1.286332 seconds 
========================================================================
Received Import Request.
  Time since last request: 0.000028 seconds.
  path: Assets/UnityStore/DinV/Dynamic Space Background/Sprites/Stars Small_1.png
  artifactKey: Guid(efe6ce32a6a4408489775c70e5d32f11) Importer(815301076,1909f56bfc062723c751e8b465ee728b)
Start importing Assets/UnityStore/DinV/Dynamic Space Background/Sprites/Stars Small_1.png using Guid(efe6ce32a6a4408489775c70e5d32f11) Importer(815301076,1909f56bfc062723c751e8b465ee728b)  -> (artifact id: '76fdab7d995a2ba176f6ea6aa2ba34cd') in 0.504942 seconds 
========================================================================
Received Import Request.
  Time since last request: 68.305308 seconds.
  path: Assets/UnityStore/Vast Outer Space/Materials/Asteroid_B.mat
  artifactKey: Guid(78fa8c6cf8494a8458e481f9665233b4) Importer(815301076,1909f56bfc062723c751e8b465ee728b)
Start importing Assets/UnityStore/Vast Outer Space/Materials/Asteroid_B.mat using Guid(78fa8c6cf8494a8458e481f9665233b4) Importer(815301076,1909f56bfc062723c751e8b465ee728b)  -> (artifact id: '4dce3441456ced1ea2e8f001e362b938') in 0.106963 seconds 
========================================================================
Received Import Request.
  Time since last request: 0.000023 seconds.
  path: Assets/UnityStore/Vast Outer Space/Materials/Asteroid_F.mat
  artifactKey: Guid(cd7d216b7c1e38144b2a126602471ce9) Importer(815301076,1909f56bfc062723c751e8b465ee728b)
Start importing Assets/UnityStore/Vast Outer Space/Materials/Asteroid_F.mat using Guid(cd7d216b7c1e38144b2a126602471ce9) Importer(815301076,1909f56bfc062723c751e8b465ee728b)  -> (artifact id: 'd24085eaaad4eb853069d26c7a3ab9ca') in 0.045058 seconds 
========================================================================
Received Import Request.
  Time since last request: 0.000021 seconds.
  path: Assets/UnityStore/SciFi Warehouse Kit/Art/Materials/Barrel Mat.mat
  artifactKey: Guid(f3a4fc37985dd274bb359bdfade8159f) Importer(815301076,1909f56bfc062723c751e8b465ee728b)
Start importing Assets/UnityStore/SciFi Warehouse Kit/Art/Materials/Barrel Mat.mat using Guid(f3a4fc37985dd274bb359bdfade8159f) Importer(815301076,1909f56bfc062723c751e8b465ee728b)  -> (artifact id: '3e7f34e9ac120a8d96576b99b4b194af') in 0.072337 seconds 
========================================================================
Received Import Request.
  Time since last request: 0.000011 seconds.
  path: Assets/UnityStore/Vast Outer Space/Materials/Asteroid_H.mat
  artifactKey: Guid(b9494279143d56f49a5550c5eb3b0066) Importer(815301076,1909f56bfc062723c751e8b465ee728b)
Start importing Assets/UnityStore/Vast Outer Space/Materials/Asteroid_H.mat using Guid(b9494279143d56f49a5550c5eb3b0066) Importer(815301076,1909f56bfc062723c751e8b465ee728b)  -> (artifact id: '09c77148f04066b1101ff807a37d9d83') in 0.021108 seconds 
========================================================================
Received Import Request.
  Time since last request: 0.000012 seconds.
  path: Assets/UnityStore/Vast Outer Space/Materials/Asteroid_E.mat
  artifactKey: Guid(faf502faf7e5c414d89caa4b6b589720) Importer(815301076,1909f56bfc062723c751e8b465ee728b)
Start importing Assets/UnityStore/Vast Outer Space/Materials/Asteroid_E.mat using Guid(faf502faf7e5c414d89caa4b6b589720) Importer(815301076,1909f56bfc062723c751e8b465ee728b)  -> (artifact id: 'b2dc3e3bfcf1b130061f68d8a58cb69f') in 0.015113 seconds 
========================================================================
Received Import Request.
  Time since last request: 0.000013 seconds.
  path: Assets/UnityStore/Vast Outer Space/Materials/Asteroid_D.mat
  artifactKey: Guid(535a9a8f731dfd544b3bfd12756e002f) Importer(815301076,1909f56bfc062723c751e8b465ee728b)
Start importing Assets/UnityStore/Vast Outer Space/Materials/Asteroid_D.mat using Guid(535a9a8f731dfd544b3bfd12756e002f) Importer(815301076,1909f56bfc062723c751e8b465ee728b)  -> (artifact id: 'c1cc0685e6b6e288d827942ba649bfd8') in 0.015605 seconds 
========================================================================
Received Import Request.
  Time since last request: 0.000013 seconds.
  path: Assets/UnityStore/StarSparrow/Materials/BonusContent/AsteroidsLava_Red.mat
  artifactKey: Guid(816eca2bca813da4883bad3b376c4dbc) Importer(815301076,1909f56bfc062723c751e8b465ee728b)
Start importing Assets/UnityStore/StarSparrow/Materials/BonusContent/AsteroidsLava_Red.mat using Guid(816eca2bca813da4883bad3b376c4dbc) Importer(815301076,1909f56bfc062723c751e8b465ee728b)  -> (artifact id: '36d7503db4968427bd63b450681610ed') in 0.015341 seconds 
========================================================================
Received Import Request.
  Time since last request: 0.432906 seconds.
  path: Assets/UnityStore/SciFi Warehouse Kit/Art/Materials/Bay Door Mat.mat
  artifactKey: Guid(539deafe5793ec347a4a6f6754e3393c) Importer(815301076,1909f56bfc062723c751e8b465ee728b)
Start importing Assets/UnityStore/SciFi Warehouse Kit/Art/Materials/Bay Door Mat.mat using Guid(539deafe5793ec347a4a6f6754e3393c) Importer(815301076,1909f56bfc062723c751e8b465ee728b)  -> (artifact id: 'e8f6b0f3fde43390fcd311b117460154') in 0.013928 seconds 
========================================================================
Received Import Request.
  Time since last request: 0.041916 seconds.
  path: Assets/UnityStore/StarSparrow/Materials/BonusContent/Bomb.mat
  artifactKey: Guid(2d81e0bd71e79784199dbdf6880a51e6) Importer(815301076,1909f56bfc062723c751e8b465ee728b)
Start importing Assets/UnityStore/StarSparrow/Materials/BonusContent/Bomb.mat using Guid(2d81e0bd71e79784199dbdf6880a51e6) Importer(815301076,1909f56bfc062723c751e8b465ee728b)  -> (artifact id: 'e4373d35036c23d87324cc8f85ba869f') in 0.018067 seconds 
========================================================================
Received Import Request.
  Time since last request: 0.015876 seconds.
  path: Assets/UnityStore/SciFi Warehouse Kit/Art/Materials/Catwalk Mat.mat
  artifactKey: Guid(e5a4594bfee8a254c9815e1b311f27d6) Importer(815301076,1909f56bfc062723c751e8b465ee728b)
Start importing Assets/UnityStore/SciFi Warehouse Kit/Art/Materials/Catwalk Mat.mat using Guid(e5a4594bfee8a254c9815e1b311f27d6) Importer(815301076,1909f56bfc062723c751e8b465ee728b)  -> (artifact id: '4e68cfac4f74951725cbbeeef0a1c4f5') in 0.024047 seconds 
========================================================================
Received Import Request.
  Time since last request: 0.047071 seconds.
  path: Assets/UnityStore/StarSparrow/Materials/BonusContent/CloudsRed.mat
  artifactKey: Guid(191ced9846689714398ed909c5e9284a) Importer(815301076,1909f56bfc062723c751e8b465ee728b)
Start importing Assets/UnityStore/StarSparrow/Materials/BonusContent/CloudsRed.mat using Guid(191ced9846689714398ed909c5e9284a) Importer(815301076,1909f56bfc062723c751e8b465ee728b)  -> (artifact id: '55c2df81e2400ebd1868bf34033e200c') in 0.098202 seconds 
========================================================================
Received Import Request.
  Time since last request: 0.156319 seconds.
  path: Assets/UnityStore/SciFi Warehouse Kit/Art/Materials/Crate Long Mat.mat
  artifactKey: Guid(56398f210688660468158fcbde7b8bfd) Importer(815301076,1909f56bfc062723c751e8b465ee728b)
Start importing Assets/UnityStore/SciFi Warehouse Kit/Art/Materials/Crate Long Mat.mat using Guid(56398f210688660468158fcbde7b8bfd) Importer(815301076,1909f56bfc062723c751e8b465ee728b)  -> (artifact id: '452dfc9662b295f4e7a74175b27368ec') in 0.011716 seconds 
========================================================================
Received Import Request.
  Time since last request: 0.012308 seconds.
  path: Assets/LiYunlin/UnityResource/Zombie/stand/Materials/Cylinder001Mat.mat
  artifactKey: Guid(81318a4f60be71547865d15e86326860) Importer(815301076,1909f56bfc062723c751e8b465ee728b)
Start importing Assets/LiYunlin/UnityResource/Zombie/stand/Materials/Cylinder001Mat.mat using Guid(81318a4f60be71547865d15e86326860) Importer(815301076,1909f56bfc062723c751e8b465ee728b)  -> (artifact id: '069607fb8a551b1938d23e9a6a10e466') in 0.007163 seconds 
========================================================================
Received Import Request.
  Time since last request: 1.982275 seconds.
  path: Assets/UnityStore/SciFi Warehouse Kit/Art/Materials/Dune Skybox.mat
  artifactKey: Guid(a84eefbbeb2520d429b34ca8ea6b235f) Importer(815301076,1909f56bfc062723c751e8b465ee728b)
Start importing Assets/UnityStore/SciFi Warehouse Kit/Art/Materials/Dune Skybox.mat using Guid(a84eefbbeb2520d429b34ca8ea6b235f) Importer(815301076,1909f56bfc062723c751e8b465ee728b)  -> (artifact id: 'c7fca78c30f0a880768e25b0027f3b7e') in 0.026680 seconds 
========================================================================
Received Import Request.
  Time since last request: 0.000015 seconds.
  path: Assets/UnityStore/Sci-Fi UI/_SciFi_GUISkin_/Skin_Assets/font/zekton free.ttf
  artifactKey: Guid(8297a2bf97dbbba468bd2518d003a876) Importer(815301076,1909f56bfc062723c751e8b465ee728b)
Start importing Assets/UnityStore/Sci-Fi UI/_SciFi_GUISkin_/Skin_Assets/font/zekton free.ttf using Guid(8297a2bf97dbbba468bd2518d003a876) Importer(815301076,1909f56bfc062723c751e8b465ee728b)  -> (artifact id: '9fbe247e23d778c83d9c59a697afb595') in 0.019281 seconds 
========================================================================
Received Import Request.
  Time since last request: 0.000039 seconds.
  path: Assets/UnityStore/SciFi Warehouse Kit/Art/Materials/Fan Mat.mat
  artifactKey: Guid(f2506252823082947ac9c5bd934e0ba4) Importer(815301076,1909f56bfc062723c751e8b465ee728b)
Start importing Assets/UnityStore/SciFi Warehouse Kit/Art/Materials/Fan Mat.mat using Guid(f2506252823082947ac9c5bd934e0ba4) Importer(815301076,1909f56bfc062723c751e8b465ee728b)  -> (artifact id: '0520ca9ed892e6ea6e7ae3c445584a24') in 0.019478 seconds 
========================================================================
Received Import Request.
  Time since last request: 0.000038 seconds.
  path: Assets/UnityStore/Vast Outer Space/Materials/Galaxy_D.mat
  artifactKey: Guid(9965b5208adcbbb419c29592a7f6ce6c) Importer(815301076,1909f56bfc062723c751e8b465ee728b)
Start importing Assets/UnityStore/Vast Outer Space/Materials/Galaxy_D.mat using Guid(9965b5208adcbbb419c29592a7f6ce6c) Importer(815301076,1909f56bfc062723c751e8b465ee728b)  -> (artifact id: '1cf5d171d522e8b8018d114b2bfd0caa') in 0.013756 seconds 
========================================================================
Received Import Request.
  Time since last request: 0.000025 seconds.
  path: Assets/UnityStore/SciFi Warehouse Kit/Art/Materials/Garbage Bin Mat.mat
  artifactKey: Guid(2bada83e0fc35ed4ebab359f1ef10417) Importer(815301076,1909f56bfc062723c751e8b465ee728b)
Start importing Assets/UnityStore/SciFi Warehouse Kit/Art/Materials/Garbage Bin Mat.mat using Guid(2bada83e0fc35ed4ebab359f1ef10417) Importer(815301076,1909f56bfc062723c751e8b465ee728b)  -> (artifact id: '4d6299aaadfcce50406bea7270a77d23') in 0.015189 seconds 
========================================================================
Received Import Request.
  Time since last request: 0.000038 seconds.
  path: Assets/UnityStore/Vast Outer Space/Materials/Galaxy_F.mat
  artifactKey: Guid(d6938b912e9f2864fae95d7c177eac12) Importer(815301076,1909f56bfc062723c751e8b465ee728b)
Start importing Assets/UnityStore/Vast Outer Space/Materials/Galaxy_F.mat using Guid(d6938b912e9f2864fae95d7c177eac12) Importer(815301076,1909f56bfc062723c751e8b465ee728b)  -> (artifact id: '66a0a41ef60f886b628ff0cd905c1b87') in 0.013095 seconds 
========================================================================
Received Import Request.
  Time since last request: 0.000031 seconds.
  path: Assets/UnityStore/Vast Outer Space/Materials/Gas_Planet_I.mat
  artifactKey: Guid(7642c98d15b07b045ba1a8bdfe5cff5f) Importer(815301076,1909f56bfc062723c751e8b465ee728b)
Start importing Assets/UnityStore/Vast Outer Space/Materials/Gas_Planet_I.mat using Guid(7642c98d15b07b045ba1a8bdfe5cff5f) Importer(815301076,1909f56bfc062723c751e8b465ee728b)  -> (artifact id: 'cc399ed8f9a736a47fff57ea1872fe9d') in 0.013772 seconds 
========================================================================
Received Import Request.
  Time since last request: 0.000043 seconds.
  path: Assets/LiYunlin/Animation/Materials/lambert2.mat
  artifactKey: Guid(b8470185a89d3204d96ef8a20ad4e4dc) Importer(815301076,1909f56bfc062723c751e8b465ee728b)
Start importing Assets/LiYunlin/Animation/Materials/lambert2.mat using Guid(b8470185a89d3204d96ef8a20ad4e4dc) Importer(815301076,1909f56bfc062723c751e8b465ee728b)  -> (artifact id: '2805c212fdc029dc874eb09a442e9a16') in 0.008084 seconds 
========================================================================
Received Import Request.
  Time since last request: 0.000028 seconds.
  path: Assets/UnityStore/SciFi Warehouse Kit/Art/Materials/Light Colored Mat.mat
  artifactKey: Guid(367e87b4150214b41963e70ca94a8f27) Importer(815301076,1909f56bfc062723c751e8b465ee728b)
Start importing Assets/UnityStore/SciFi Warehouse Kit/Art/Materials/Light Colored Mat.mat using Guid(367e87b4150214b41963e70ca94a8f27) Importer(815301076,1909f56bfc062723c751e8b465ee728b)  -> (artifact id: '718c18e6be677481dec9aab042469a7d') in 0.007749 seconds 
========================================================================
Received Import Request.
  Time since last request: 0.000038 seconds.
  path: Assets/UnityStore/Vast Outer Space/Materials/Gas_Planet_G.mat
  artifactKey: Guid(9ec04c19226b42a47a0e6b5211281de8) Importer(815301076,1909f56bfc062723c751e8b465ee728b)
Start importing Assets/UnityStore/Vast Outer Space/Materials/Gas_Planet_G.mat using Guid(9ec04c19226b42a47a0e6b5211281de8) Importer(815301076,1909f56bfc062723c751e8b465ee728b)  -> (artifact id: '8f72a87812032d909a57c98fe5840342') in 0.010614 seconds 
========================================================================
Received Import Request.
  Time since last request: 0.000029 seconds.
  path: Assets/UnityStore/Vast Outer Space/Materials/Nebula_BC.mat
  artifactKey: Guid(6c1279529f793dd438c096bd8a459cde) Importer(815301076,1909f56bfc062723c751e8b465ee728b)
Start importing Assets/UnityStore/Vast Outer Space/Materials/Nebula_BC.mat using Guid(6c1279529f793dd438c096bd8a459cde) Importer(815301076,1909f56bfc062723c751e8b465ee728b)  -> (artifact id: '214afc966b1e2304e3b9aa12812a1963') in 0.020384 seconds 
========================================================================
Received Import Request.
  Time since last request: 0.000017 seconds.
  path: Assets/UnityStore/StarSparrow/Materials/BonusContent/Missile.mat
  artifactKey: Guid(30d351457dfac9d40a8b07e6426fd177) Importer(815301076,1909f56bfc062723c751e8b465ee728b)
Start importing Assets/UnityStore/StarSparrow/Materials/BonusContent/Missile.mat using Guid(30d351457dfac9d40a8b07e6426fd177) Importer(815301076,1909f56bfc062723c751e8b465ee728b)  -> (artifact id: 'f4750aa7e46a9e813c5e2dad8b8a5d5a') in 0.011866 seconds 
========================================================================
Received Import Request.
  Time since last request: 0.000026 seconds.
  path: Assets/UnityStore/Vast Outer Space/Materials/Nebula_DEF.mat
  artifactKey: Guid(a05fe2ec4b3588047a3edcdd174a8910) Importer(815301076,1909f56bfc062723c751e8b465ee728b)
Start importing Assets/UnityStore/Vast Outer Space/Materials/Nebula_DEF.mat using Guid(a05fe2ec4b3588047a3edcdd174a8910) Importer(815301076,1909f56bfc062723c751e8b465ee728b)  -> (artifact id: 'aba3e33797fa97e86f5cc6e31b9eb6cc') in 0.015701 seconds 
========================================================================
Received Import Request.
  Time since last request: 0.000020 seconds.
  path: Assets/LiYunlin/UnityResource/Zombie/Base mesh/Materials/lambert2.mat
  artifactKey: Guid(76dee74042b8aa94cbc0e2a8380f8cce) Importer(815301076,1909f56bfc062723c751e8b465ee728b)
Start importing Assets/LiYunlin/UnityResource/Zombie/Base mesh/Materials/lambert2.mat using Guid(76dee74042b8aa94cbc0e2a8380f8cce) Importer(815301076,1909f56bfc062723c751e8b465ee728b)  -> (artifact id: 'c9d6f08f9f334935b996d8cae1e15606') in 0.007849 seconds 
========================================================================
Received Import Request.
  Time since last request: 0.000021 seconds.
  path: Assets/LiYunlin/Textures/TextMesh Pro/Resources/Fonts & Materials/LiberationSans SDF - Fallback.asset
  artifactKey: Guid(2e498d1c8094910479dc3e1b768306a4) Importer(815301076,1909f56bfc062723c751e8b465ee728b)
Start importing Assets/LiYunlin/Textures/TextMesh Pro/Resources/Fonts & Materials/LiberationSans SDF - Fallback.asset using Guid(2e498d1c8094910479dc3e1b768306a4) Importer(815301076,1909f56bfc062723c751e8b465ee728b)  -> (artifact id: 'bf528ebeb4aaeb989bed9126b1e8d80f') in 0.025970 seconds 
========================================================================
Received Import Request.
  Time since last request: 0.000018 seconds.
  path: Assets/UnityStore/Vast Outer Space/Materials/Planet_Ring_A2.mat
  artifactKey: Guid(ff38502db2731c14d99c7bc0fc2c19cd) Importer(815301076,1909f56bfc062723c751e8b465ee728b)
Start importing Assets/UnityStore/Vast Outer Space/Materials/Planet_Ring_A2.mat using Guid(ff38502db2731c14d99c7bc0fc2c19cd) Importer(815301076,1909f56bfc062723c751e8b465ee728b)  -> (artifact id: '8986aff3455b3838f25e960594981a35') in 0.062353 seconds 
========================================================================
Received Import Request.
  Time since last request: 0.000029 seconds.
  path: Assets/LiYunlin/UnityResource/Zombie/Materials/Skin 3.mat
  artifactKey: Guid(1d3501905821ac947917320a7a495b37) Importer(815301076,1909f56bfc062723c751e8b465ee728b)
Start importing Assets/LiYunlin/UnityResource/Zombie/Materials/Skin 3.mat using Guid(1d3501905821ac947917320a7a495b37) Importer(815301076,1909f56bfc062723c751e8b465ee728b)  -> (artifact id: '8f76ad7be2943773fe2e87c37ffe632d') in 0.107867 seconds 
========================================================================
Received Import Request.
  Time since last request: 0.000029 seconds.
  path: Assets/UnityStore/Vast Outer Space/Materials/Skybox_D.mat
  artifactKey: Guid(7162bad71d0d2d5459119b5063685587) Importer(815301076,1909f56bfc062723c751e8b465ee728b)
Start importing Assets/UnityStore/Vast Outer Space/Materials/Skybox_D.mat using Guid(7162bad71d0d2d5459119b5063685587) Importer(815301076,1909f56bfc062723c751e8b465ee728b)  -> (artifact id: 'ce197278a929f846cc6a1fb878218948') in 0.014680 seconds 
========================================================================
Received Import Request.
  Time since last request: 0.000028 seconds.
  path: Assets/UnityStore/SciFi Warehouse Kit/Art/Materials/Windows.mat
  artifactKey: Guid(eb79ec0657b7d6c48942befc5d7b2c37) Importer(815301076,1909f56bfc062723c751e8b465ee728b)
Start importing Assets/UnityStore/SciFi Warehouse Kit/Art/Materials/Windows.mat using Guid(eb79ec0657b7d6c48942befc5d7b2c37) Importer(815301076,1909f56bfc062723c751e8b465ee728b)  -> (artifact id: 'e1ef05b33d2ad071c8d76e137c0c7fcf') in 0.029620 seconds 
========================================================================
Received Import Request.
  Time since last request: 0.000020 seconds.
  path: Assets/UnityStore/Vast Outer Space/Materials/Galaxy_I.mat
  artifactKey: Guid(8e8394f7c673979468b8f97e291ca0d9) Importer(815301076,1909f56bfc062723c751e8b465ee728b)
Start importing Assets/UnityStore/Vast Outer Space/Materials/Galaxy_I.mat using Guid(8e8394f7c673979468b8f97e291ca0d9) Importer(815301076,1909f56bfc062723c751e8b465ee728b)  -> (artifact id: 'edd3009332c3af4753e79045440f5a53') in 0.032293 seconds 
========================================================================
Received Import Request.
  Time since last request: 0.000033 seconds.
  path: Assets/LiYunlin/UnityResource/Zombie/Materials/Skin 1.mat
  artifactKey: Guid(126dff33fe5f4cf4c81fd40ad7f42589) Importer(815301076,1909f56bfc062723c751e8b465ee728b)
Start importing Assets/LiYunlin/UnityResource/Zombie/Materials/Skin 1.mat using Guid(126dff33fe5f4cf4c81fd40ad7f42589) Importer(815301076,1909f56bfc062723c751e8b465ee728b)  -> (artifact id: '35805edc7ff36cec5daa8a5418aeec90') in 0.087850 seconds 
========================================================================
Received Import Request.
  Time since last request: 0.000036 seconds.
  path: Assets/UnityStore/Vast Outer Space/Materials/Nebula_B.mat
  artifactKey: Guid(8372ab378bad2034ea1592f49445109f) Importer(815301076,1909f56bfc062723c751e8b465ee728b)
Start importing Assets/UnityStore/Vast Outer Space/Materials/Nebula_B.mat using Guid(8372ab378bad2034ea1592f49445109f) Importer(815301076,1909f56bfc062723c751e8b465ee728b)  -> (artifact id: 'd2f2d4035af65d4ebad934cd3c6a1351') in 0.010714 seconds 
========================================================================
Received Import Request.
  Time since last request: 0.000017 seconds.
  path: Assets/UnityStore/Vast Outer Space/Materials/Star_Green.mat
  artifactKey: Guid(85fc64bac983097448df2ffb0517a2a8) Importer(815301076,1909f56bfc062723c751e8b465ee728b)
Start importing Assets/UnityStore/Vast Outer Space/Materials/Star_Green.mat using Guid(85fc64bac983097448df2ffb0517a2a8) Importer(815301076,1909f56bfc062723c751e8b465ee728b)  -> (artifact id: '063c1adcc26f0e8ffd58cd291fee9711') in 0.010083 seconds 
========================================================================
Received Import Request.
  Time since last request: 0.000028 seconds.
  path: Assets/UnityStore/Vast Outer Space/Materials/Star_Dark_Blue.mat
  artifactKey: Guid(0090392960c4a5f4b863690f512832c8) Importer(815301076,1909f56bfc062723c751e8b465ee728b)
Start importing Assets/UnityStore/Vast Outer Space/Materials/Star_Dark_Blue.mat using Guid(0090392960c4a5f4b863690f512832c8) Importer(815301076,1909f56bfc062723c751e8b465ee728b)  -> (artifact id: '65640fc7e747c605f4b2cd8a0ff4c240') in 0.008286 seconds 
========================================================================
Received Import Request.
  Time since last request: 0.000013 seconds.
  path: Assets/LiYunlin/Materials/Ground_01_D.mat
  artifactKey: Guid(2d2256b4d1d6f3c4f8b7c7a44b3c7062) Importer(815301076,1909f56bfc062723c751e8b465ee728b)
Start importing Assets/LiYunlin/Materials/Ground_01_D.mat using Guid(2d2256b4d1d6f3c4f8b7c7a44b3c7062) Importer(815301076,1909f56bfc062723c751e8b465ee728b)  -> (artifact id: '1ff16ae349ddeeae07a6f43c1c0c216f') in 0.019404 seconds 
========================================================================
Received Import Request.
  Time since last request: 0.000017 seconds.
  path: Assets/UnityStore/Vast Outer Space/Materials/Planet_H.mat
  artifactKey: Guid(7840ae30f946cfd43a5b57eafeea16b7) Importer(815301076,1909f56bfc062723c751e8b465ee728b)
Start importing Assets/UnityStore/Vast Outer Space/Materials/Planet_H.mat using Guid(7840ae30f946cfd43a5b57eafeea16b7) Importer(815301076,1909f56bfc062723c751e8b465ee728b)  -> (artifact id: 'ec78f88efb5158b716e1672a53361b4d') in 0.020788 seconds 
========================================================================
Received Import Request.
  Time since last request: 0.000013 seconds.
  path: Assets/LiYunlin/Materials/Ground_00_D.mat
  artifactKey: Guid(8120c95e93bf49842abd5e36f8b2569c) Importer(815301076,1909f56bfc062723c751e8b465ee728b)
Start importing Assets/LiYunlin/Materials/Ground_00_D.mat using Guid(8120c95e93bf49842abd5e36f8b2569c) Importer(815301076,1909f56bfc062723c751e8b465ee728b)  -> (artifact id: '8a6376cccaf3e9993464f2c6c43c6fc4') in 0.025335 seconds 
========================================================================
Received Import Request.
  Time since last request: 0.000017 seconds.
  path: Assets/UnityStore/SciFi Warehouse Kit/Art/Materials/Walls.mat
  artifactKey: Guid(d893f707bc253a84aa1e7d87361c830a) Importer(815301076,1909f56bfc062723c751e8b465ee728b)
Start importing Assets/UnityStore/SciFi Warehouse Kit/Art/Materials/Walls.mat using Guid(d893f707bc253a84aa1e7d87361c830a) Importer(815301076,1909f56bfc062723c751e8b465ee728b)  -> (artifact id: 'f2f1bda7c552d774955af77f0423adf1') in 0.033922 seconds 
========================================================================
Received Import Request.
  Time since last request: 0.000015 seconds.
  path: Assets/UnityStore/Vast Outer Space/Materials/Star_Purple.mat
  artifactKey: Guid(24369dfdc0ca41b4d94b35d0f163de32) Importer(815301076,1909f56bfc062723c751e8b465ee728b)
Start importing Assets/UnityStore/Vast Outer Space/Materials/Star_Purple.mat using Guid(24369dfdc0ca41b4d94b35d0f163de32) Importer(815301076,1909f56bfc062723c751e8b465ee728b)  -> (artifact id: '7b668679f2668851ddaf4e72a2f799ff') in 0.009388 seconds 
========================================================================
Received Import Request.
  Time since last request: 0.000015 seconds.
  path: Assets/LiYunlin/UnityResource/Zombie/Animation/Materials/phong2.mat
  artifactKey: Guid(9df4d47d2a2e8ee44807785e4c5dde12) Importer(815301076,1909f56bfc062723c751e8b465ee728b)
Start importing Assets/LiYunlin/UnityResource/Zombie/Animation/Materials/phong2.mat using Guid(9df4d47d2a2e8ee44807785e4c5dde12) Importer(815301076,1909f56bfc062723c751e8b465ee728b)  -> (artifact id: '889e92484b53ca40fe73fb55f78330df') in 0.008381 seconds 
========================================================================
Received Import Request.
  Time since last request: 0.000016 seconds.
  path: Assets/UnityStore/Sci-Fi UI/Demo_Assets/background/Materials/Space.tga.mat
  artifactKey: Guid(1a46a2cb5f7726f4eb70be3b37a00f06) Importer(815301076,1909f56bfc062723c751e8b465ee728b)
Start importing Assets/UnityStore/Sci-Fi UI/Demo_Assets/background/Materials/Space.tga.mat using Guid(1a46a2cb5f7726f4eb70be3b37a00f06) Importer(815301076,1909f56bfc062723c751e8b465ee728b)  -> (artifact id: '92d5d19ae291b04ad8bd57179aae6474') in 0.025448 seconds 
========================================================================
Received Import Request.
  Time since last request: 0.000024 seconds.
  path: Assets/UnityStore/SciFi Warehouse Kit/Art/Materials/Shelf Trans Mat.mat
  artifactKey: Guid(b95048f5a5f84304d96d6f5e61414ed2) Importer(815301076,1909f56bfc062723c751e8b465ee728b)
Start importing Assets/UnityStore/SciFi Warehouse Kit/Art/Materials/Shelf Trans Mat.mat using Guid(b95048f5a5f84304d96d6f5e61414ed2) Importer(815301076,1909f56bfc062723c751e8b465ee728b)  -> (artifact id: '21f081416b26f48cf7e99fc8ed2a09de') in 0.024802 seconds 
========================================================================
Received Import Request.
  Time since last request: 0.000016 seconds.
  path: Assets/UnityStore/SciFi Warehouse Kit/Art/Materials/Structure Trans Mat.mat
  artifactKey: Guid(8daecc76e81cf114c9854e9ee5a2526a) Importer(815301076,1909f56bfc062723c751e8b465ee728b)
Start importing Assets/UnityStore/SciFi Warehouse Kit/Art/Materials/Structure Trans Mat.mat using Guid(8daecc76e81cf114c9854e9ee5a2526a) Importer(815301076,1909f56bfc062723c751e8b465ee728b)  -> (artifact id: '63243d61fb39422d730aa2bb36f0ad3b') in 0.019603 seconds 
========================================================================
Received Import Request.
  Time since last request: 0.000038 seconds.
  path: Assets/UnityStore/Vast Outer Space/Materials/Skybox_G.mat
  artifactKey: Guid(63a2bc1bc01158c43bdf706d5ae2d888) Importer(815301076,1909f56bfc062723c751e8b465ee728b)
Start importing Assets/UnityStore/Vast Outer Space/Materials/Skybox_G.mat using Guid(63a2bc1bc01158c43bdf706d5ae2d888) Importer(815301076,1909f56bfc062723c751e8b465ee728b)  -> (artifact id: '99542a905dc24d36c44d15a065439a5d') in 0.010738 seconds 
========================================================================
Received Import Request.
  Time since last request: 0.000022 seconds.
  path: Assets/UnityStore/Vast Outer Space/Materials/Skybox_F.mat
  artifactKey: Guid(9b3da7ecb15ebef4b92a96eebe9da1da) Importer(815301076,1909f56bfc062723c751e8b465ee728b)
Start importing Assets/UnityStore/Vast Outer Space/Materials/Skybox_F.mat using Guid(9b3da7ecb15ebef4b92a96eebe9da1da) Importer(815301076,1909f56bfc062723c751e8b465ee728b)  -> (artifact id: '7081d951e59298ca7983606136658470') in 0.026159 seconds 
========================================================================
Received Import Request.
  Time since last request: 0.000014 seconds.
  path: Assets/UnityStore/Vast Outer Space/Materials/Planet_I.mat
  artifactKey: Guid(7f9cb792ba0857845aa00229707e3633) Importer(815301076,1909f56bfc062723c751e8b465ee728b)
Start importing Assets/UnityStore/Vast Outer Space/Materials/Planet_I.mat using Guid(7f9cb792ba0857845aa00229707e3633) Importer(815301076,1909f56bfc062723c751e8b465ee728b)  -> (artifact id: '85845e825e601f5120c6bc38c82bfd54') in 0.032201 seconds 
========================================================================
Received Import Request.
  Time since last request: 0.000023 seconds.
  path: Assets/UnityStore/Vast Outer Space/Materials/Planet_Ring_B1.mat
  artifactKey: Guid(c674223417ee3994994933fc642f56c2) Importer(815301076,1909f56bfc062723c751e8b465ee728b)
Start importing Assets/UnityStore/Vast Outer Space/Materials/Planet_Ring_B1.mat using Guid(c674223417ee3994994933fc642f56c2) Importer(815301076,1909f56bfc062723c751e8b465ee728b)  -> (artifact id: '0c2521b1bc96f193e5b2e123651e2e75') in 0.020643 seconds 
========================================================================
Received Import Request.
  Time since last request: 0.000016 seconds.
  path: Assets/UnityStore/Vast Outer Space/Materials/Planet_C.mat
  artifactKey: Guid(227fe757800b19d4ba54a32c02b0ad92) Importer(815301076,1909f56bfc062723c751e8b465ee728b)
Start importing Assets/UnityStore/Vast Outer Space/Materials/Planet_C.mat using Guid(227fe757800b19d4ba54a32c02b0ad92) Importer(815301076,1909f56bfc062723c751e8b465ee728b)  -> (artifact id: '0ffbc08ef5b035308a502f54baa2e950') in 0.049135 seconds 
========================================================================
Received Import Request.
  Time since last request: 0.000016 seconds.
  path: Assets/UnityStore/Vast Outer Space/Materials/Gas_Planet_B.mat
  artifactKey: Guid(96187335e0cb98c44aac67a04bb39e15) Importer(815301076,1909f56bfc062723c751e8b465ee728b)
Start importing Assets/UnityStore/Vast Outer Space/Materials/Gas_Planet_B.mat using Guid(96187335e0cb98c44aac67a04bb39e15) Importer(815301076,1909f56bfc062723c751e8b465ee728b)  -> (artifact id: 'f5af3ecc6e9dcd4ab5d80ac5b2af985a') in 0.011115 seconds 
========================================================================
Received Import Request.
  Time since last request: 0.000017 seconds.
  path: Assets/UnityStore/SciFi Warehouse Kit/Art/Materials/Floor Tile Mat.mat
  artifactKey: Guid(aa382976d563168409ce37158855f22a) Importer(815301076,1909f56bfc062723c751e8b465ee728b)
Start importing Assets/UnityStore/SciFi Warehouse Kit/Art/Materials/Floor Tile Mat.mat using Guid(aa382976d563168409ce37158855f22a) Importer(815301076,1909f56bfc062723c751e8b465ee728b)  -> (artifact id: 'eb510ef216c16eac850c32bac56982c2') in 0.022008 seconds 
========================================================================
Received Import Request.
  Time since last request: 0.000014 seconds.
  path: Assets/UnityStore/Vast Outer Space/Materials/Galaxy_A.mat
  artifactKey: Guid(019b12f362f334242b27869d2af226dc) Importer(815301076,1909f56bfc062723c751e8b465ee728b)
Start importing Assets/UnityStore/Vast Outer Space/Materials/Galaxy_A.mat using Guid(019b12f362f334242b27869d2af226dc) Importer(815301076,1909f56bfc062723c751e8b465ee728b)  -> (artifact id: '325ecc97fcf1442d7197d51d872be7bd') in 0.009395 seconds 
========================================================================
Received Import Request.
  Time since last request: 256.298586 seconds.
  path: Assets/UnityStore/StarSparrow/Prefabs/Modules/StarSparrow_Engine.prefab
  artifactKey: Guid(65d8e34378667a14ea9539c5dc34457b) Importer(815301076,1909f56bfc062723c751e8b465ee728b)
Start importing Assets/UnityStore/StarSparrow/Prefabs/Modules/StarSparrow_Engine.prefab using Guid(65d8e34378667a14ea9539c5dc34457b) Importer(815301076,1909f56bfc062723c751e8b465ee728b)  -> (artifact id: 'd2a1f52d01935e9051c29c82848de041') in 0.093238 seconds 
========================================================================
Received Import Request.
  Time since last request: 0.000020 seconds.
  path: Assets/UnityStore/StarSparrow/Prefabs/Modules/StarSparrow_Weapon.prefab
  artifactKey: Guid(01a1e23558e35e64989f5b1129a2c195) Importer(815301076,1909f56bfc062723c751e8b465ee728b)
Start importing Assets/UnityStore/StarSparrow/Prefabs/Modules/StarSparrow_Weapon.prefab using Guid(01a1e23558e35e64989f5b1129a2c195) Importer(815301076,1909f56bfc062723c751e8b465ee728b)  -> (artifact id: '055401fe9039a96ed0e0a2d6c4dd0567') in 0.072278 seconds 
========================================================================
Received Import Request.
  Time since last request: 0.000023 seconds.
  path: Assets/UnityStore/StarSparrow/Prefabs/Modules/StarSparrow_Plasma.prefab
  artifactKey: Guid(1c3973db67bc50449bfac34c2093ea4f) Importer(815301076,1909f56bfc062723c751e8b465ee728b)
Start importing Assets/UnityStore/StarSparrow/Prefabs/Modules/StarSparrow_Plasma.prefab using Guid(1c3973db67bc50449bfac34c2093ea4f) Importer(815301076,1909f56bfc062723c751e8b465ee728b)  -> (artifact id: 'e7f0c1c9dbb90a06d4d27f34dff8c314') in 0.054083 seconds 
========================================================================
Received Import Request.
  Time since last request: 0.000015 seconds.
  path: Assets/UnityStore/StarSparrow/Prefabs/Modules/StarSparrow_Fin.prefab
  artifactKey: Guid(f3f5a95bf53de5744b3140ce9f35902f) Importer(815301076,1909f56bfc062723c751e8b465ee728b)
Start importing Assets/UnityStore/StarSparrow/Prefabs/Modules/StarSparrow_Fin.prefab using Guid(f3f5a95bf53de5744b3140ce9f35902f) Importer(815301076,1909f56bfc062723c751e8b465ee728b)  -> (artifact id: '77d5f9516f7af623dcd57a0920dd61dc') in 0.028690 seconds 
========================================================================
Received Import Request.
  Time since last request: 0.000011 seconds.
  path: Assets/UnityStore/StarSparrow/Prefabs/Modules/StarSparrow_Wing.prefab
  artifactKey: Guid(68648d1973e7d9e4283b2d0b7eb3e539) Importer(815301076,1909f56bfc062723c751e8b465ee728b)
Start importing Assets/UnityStore/StarSparrow/Prefabs/Modules/StarSparrow_Wing.prefab using Guid(68648d1973e7d9e4283b2d0b7eb3e539) Importer(815301076,1909f56bfc062723c751e8b465ee728b)  -> (artifact id: 'f6df7db94c186250cb400fd1211f97cd') in 0.019508 seconds 
========================================================================
Received Import Request.
  Time since last request: 0.376947 seconds.
  path: Assets/UnityStore/StarSparrow/Prefabs/Modular Examples/StarSparrow2.prefab
  artifactKey: Guid(bffac15ab19a54a4dad63ea5b57a6b0b) Importer(815301076,1909f56bfc062723c751e8b465ee728b)
Start importing Assets/UnityStore/StarSparrow/Prefabs/Modular Examples/StarSparrow2.prefab using Guid(bffac15ab19a54a4dad63ea5b57a6b0b) Importer(815301076,1909f56bfc062723c751e8b465ee728b)  -> (artifact id: '5dcdd376d37afae7d0e48b7f57fe560f') in 0.030124 seconds 
========================================================================
Received Import Request.
  Time since last request: 0.000019 seconds.
  path: Assets/UnityStore/StarSparrow/Prefabs/Modular Examples/StarSparrow17.prefab
  artifactKey: Guid(66da195798424c04698d5be61b71775e) Importer(815301076,1909f56bfc062723c751e8b465ee728b)
Start importing Assets/UnityStore/StarSparrow/Prefabs/Modular Examples/StarSparrow17.prefab using Guid(66da195798424c04698d5be61b71775e) Importer(815301076,1909f56bfc062723c751e8b465ee728b)  -> (artifact id: '914c9d559efbb76b12a430df71638b85') in 0.036775 seconds 
========================================================================
Received Import Request.
  Time since last request: 0.000016 seconds.
  path: Assets/UnityStore/StarSparrow/Prefabs/Modular Examples/StarSparrow13.prefab
  artifactKey: Guid(704ae8c099e4b6a4ea1b5bd83d020432) Importer(815301076,1909f56bfc062723c751e8b465ee728b)
Start importing Assets/UnityStore/StarSparrow/Prefabs/Modular Examples/StarSparrow13.prefab using Guid(704ae8c099e4b6a4ea1b5bd83d020432) Importer(815301076,1909f56bfc062723c751e8b465ee728b)  -> (artifact id: '9910642c161caeb7296a5942dd922915') in 0.026959 seconds 
========================================================================
Received Import Request.
  Time since last request: 0.000015 seconds.
  path: Assets/UnityStore/StarSparrow/Prefabs/Modular Examples/StarSparrow14.prefab
  artifactKey: Guid(749452084411d1649a3af42bf49caaa5) Importer(815301076,1909f56bfc062723c751e8b465ee728b)
Start importing Assets/UnityStore/StarSparrow/Prefabs/Modular Examples/StarSparrow14.prefab using Guid(749452084411d1649a3af42bf49caaa5) Importer(815301076,1909f56bfc062723c751e8b465ee728b)  -> (artifact id: 'b0fb599f1859a7ea1e0ff3868f85aeef') in 0.025338 seconds 
========================================================================
Received Import Request.
  Time since last request: 0.000016 seconds.
  path: Assets/UnityStore/StarSparrow/Prefabs/Modular Examples/StarSparrow16.prefab
  artifactKey: Guid(5a2100a36f73c5d4d8acbe474f591caf) Importer(815301076,1909f56bfc062723c751e8b465ee728b)
Start importing Assets/UnityStore/StarSparrow/Prefabs/Modular Examples/StarSparrow16.prefab using Guid(5a2100a36f73c5d4d8acbe474f591caf) Importer(815301076,1909f56bfc062723c751e8b465ee728b)  -> (artifact id: 'c935de136b73a781d4e612b85ad4976a') in 0.025812 seconds 
========================================================================
Received Import Request.
  Time since last request: 0.000025 seconds.
  path: Assets/UnityStore/StarSparrow/Prefabs/Modular Examples/StarSparrow5.prefab
  artifactKey: Guid(49d0b2e8d6cdd16458fc0be42a40d88b) Importer(815301076,1909f56bfc062723c751e8b465ee728b)
Start importing Assets/UnityStore/StarSparrow/Prefabs/Modular Examples/StarSparrow5.prefab using Guid(49d0b2e8d6cdd16458fc0be42a40d88b) Importer(815301076,1909f56bfc062723c751e8b465ee728b)  -> (artifact id: 'cca7e8a2623b3b1ae427be9588507ce9') in 0.028046 seconds 
========================================================================
Received Import Request.
  Time since last request: 0.000011 seconds.
  path: Assets/UnityStore/StarSparrow/Prefabs/Modular Examples/StarSparrow20.prefab
  artifactKey: Guid(4397fa15d9ac049419fab164831c110e) Importer(815301076,1909f56bfc062723c751e8b465ee728b)
Start importing Assets/UnityStore/StarSparrow/Prefabs/Modular Examples/StarSparrow20.prefab using Guid(4397fa15d9ac049419fab164831c110e) Importer(815301076,1909f56bfc062723c751e8b465ee728b)  -> (artifact id: '501eb186d10980979638b66e1645d742') in 0.031295 seconds 
========================================================================
Received Import Request.
  Time since last request: 0.000015 seconds.
  path: Assets/UnityStore/StarSparrow/Prefabs/Modular Examples/StarSparrow8.prefab
  artifactKey: Guid(45c7f78411df3fe46ac304347188b5d4) Importer(815301076,1909f56bfc062723c751e8b465ee728b)
Start importing Assets/UnityStore/StarSparrow/Prefabs/Modular Examples/StarSparrow8.prefab using Guid(45c7f78411df3fe46ac304347188b5d4) Importer(815301076,1909f56bfc062723c751e8b465ee728b)  -> (artifact id: 'f73cb2aa7cfed86ffea46b574f4eedb2') in 0.032265 seconds 
========================================================================
Received Import Request.
  Time since last request: 0.000019 seconds.
  path: Assets/UnityStore/StarSparrow/Prefabs/Modular Examples/StarSparrow6.prefab
  artifactKey: Guid(26d8a77ffa920e842bd70c85631a743c) Importer(815301076,1909f56bfc062723c751e8b465ee728b)
Start importing Assets/UnityStore/StarSparrow/Prefabs/Modular Examples/StarSparrow6.prefab using Guid(26d8a77ffa920e842bd70c85631a743c) Importer(815301076,1909f56bfc062723c751e8b465ee728b)  -> (artifact id: '41ee2fe25605b68aa0b89cdb3b55e1ec') in 0.033943 seconds 
========================================================================
Received Import Request.
  Time since last request: 0.000013 seconds.
  path: Assets/UnityStore/StarSparrow/Prefabs/Modular Examples/StarSparrow15.prefab
  artifactKey: Guid(b5ee1f95cafb4d341a83e882509518d6) Importer(815301076,1909f56bfc062723c751e8b465ee728b)
Start importing Assets/UnityStore/StarSparrow/Prefabs/Modular Examples/StarSparrow15.prefab using Guid(b5ee1f95cafb4d341a83e882509518d6) Importer(815301076,1909f56bfc062723c751e8b465ee728b)  -> (artifact id: 'abb902ec83aa29408ff0a5338e6523fb') in 0.023011 seconds 
========================================================================
Received Import Request.
  Time since last request: 2.494828 seconds.
  path: Assets/UnityStore/StarSparrow/Prefabs/BonusContent/Bomb.prefab
  artifactKey: Guid(54958f8430f04ae4ab653a498c64314c) Importer(815301076,1909f56bfc062723c751e8b465ee728b)
Start importing Assets/UnityStore/StarSparrow/Prefabs/BonusContent/Bomb.prefab using Guid(54958f8430f04ae4ab653a498c64314c) Importer(815301076,1909f56bfc062723c751e8b465ee728b)  -> (artifact id: '7fa5df88874a17e49a704cf2f89a57ed') in 0.029653 seconds 
========================================================================
Received Import Request.
  Time since last request: 0.000014 seconds.
  path: Assets/UnityStore/StarSparrow/Prefabs/BonusContent/Missile.prefab
  artifactKey: Guid(8b227e0429c621940acb9e2e8d18d12f) Importer(815301076,1909f56bfc062723c751e8b465ee728b)
Start importing Assets/UnityStore/StarSparrow/Prefabs/BonusContent/Missile.prefab using Guid(8b227e0429c621940acb9e2e8d18d12f) Importer(815301076,1909f56bfc062723c751e8b465ee728b)  -> (artifact id: 'b29703dc3fabc76d5e5d47db2cc5d6ca') in 0.033538 seconds 
========================================================================
Received Import Request.
  Time since last request: 0.000019 seconds.
  path: Assets/UnityStore/StarSparrow/Prefabs/BonusContent/Mine Sample 1.prefab
  artifactKey: Guid(5f7d5f60379571b4ab916f85aae80a71) Importer(815301076,1909f56bfc062723c751e8b465ee728b)
Start importing Assets/UnityStore/StarSparrow/Prefabs/BonusContent/Mine Sample 1.prefab using Guid(5f7d5f60379571b4ab916f85aae80a71) Importer(815301076,1909f56bfc062723c751e8b465ee728b)  -> (artifact id: 'c56138c4612e4ed7f5069156e129e29f') in 0.013078 seconds 
========================================================================
Received Import Request.
  Time since last request: 8.759917 seconds.
  path: Assets/UnityStore/StarSparrow/Meshes/BonusContent/FlyingInsects3.FBX
  artifactKey: Guid(b2359fd8578c87649ad70d6001527479) Importer(815301076,1909f56bfc062723c751e8b465ee728b)
Start importing Assets/UnityStore/StarSparrow/Meshes/BonusContent/FlyingInsects3.FBX using Guid(b2359fd8578c87649ad70d6001527479) Importer(815301076,1909f56bfc062723c751e8b465ee728b)  -> (artifact id: '1d6df9734f3e28c39005f70cd0afe725') in 0.017658 seconds 
========================================================================
Received Import Request.
  Time since last request: 0.000012 seconds.
  path: Assets/UnityStore/StarSparrow/Meshes/BonusContent/Planet.FBX
  artifactKey: Guid(614d5d16c663aaf4e8a724ee026d8cf0) Importer(815301076,1909f56bfc062723c751e8b465ee728b)
Start importing Assets/UnityStore/StarSparrow/Meshes/BonusContent/Planet.FBX using Guid(614d5d16c663aaf4e8a724ee026d8cf0) Importer(815301076,1909f56bfc062723c751e8b465ee728b)  -> (artifact id: '12cc6dbe81b757c778e42fb802fbfbb6') in 0.008184 seconds 
========================================================================
Received Import Request.
  Time since last request: 0.000016 seconds.
  path: Assets/UnityStore/StarSparrow/Meshes/BonusContent/FlyingInsects3_Wing2.FBX
  artifactKey: Guid(a48942f1defa105409300c6ae5ade981) Importer(815301076,1909f56bfc062723c751e8b465ee728b)
Start importing Assets/UnityStore/StarSparrow/Meshes/BonusContent/FlyingInsects3_Wing2.FBX using Guid(a48942f1defa105409300c6ae5ade981) Importer(815301076,1909f56bfc062723c751e8b465ee728b)  -> (artifact id: '4dbeec3655e86184c84c2693257e8d74') in 0.008181 seconds 
========================================================================
Received Import Request.
  Time since last request: 0.000012 seconds.
  path: Assets/UnityStore/StarSparrow/Meshes/BonusContent/StarSparrow_1_LP_Red.fbx
  artifactKey: Guid(23908a99b9ed72b4480176cae54d422d) Importer(815301076,1909f56bfc062723c751e8b465ee728b)
Start importing Assets/UnityStore/StarSparrow/Meshes/BonusContent/StarSparrow_1_LP_Red.fbx using Guid(23908a99b9ed72b4480176cae54d422d) Importer(815301076,1909f56bfc062723c751e8b465ee728b)  -> (artifact id: '8d8e082649bba7539561773422d32ee1') in 0.013069 seconds 
========================================================================
Received Import Request.
  Time since last request: 39.646299 seconds.
  path: Assets/UnityStore/StarSparrow/Textures/StarSparrow_Cyan.png
  artifactKey: Guid(0a81df52ee9beb24ea6a9dddba48a6dd) Importer(815301076,1909f56bfc062723c751e8b465ee728b)
Start importing Assets/UnityStore/StarSparrow/Textures/StarSparrow_Cyan.png using Guid(0a81df52ee9beb24ea6a9dddba48a6dd) Importer(815301076,1909f56bfc062723c751e8b465ee728b)  -> (artifact id: 'fc99a3cb35e7d2b4991023495bab275e') in 0.039965 seconds 
========================================================================
Received Import Request.
  Time since last request: 0.000020 seconds.
  path: Assets/UnityStore/StarSparrow/Textures/StarSparrow_Red.png
  artifactKey: Guid(e6e95fbe26400d64f873bac5ee28ba71) Importer(815301076,1909f56bfc062723c751e8b465ee728b)
Start importing Assets/UnityStore/StarSparrow/Textures/StarSparrow_Red.png using Guid(e6e95fbe26400d64f873bac5ee28ba71) Importer(815301076,1909f56bfc062723c751e8b465ee728b)  -> (artifact id: '9d1c97c629c37520218f8811d0c40743') in 0.132445 seconds 
Editor requested this worker to shutdown with reason: Scaling down because of idle timeout
AssetImportWorker is now disconnected from the server
Process exiting
Exiting without the bug reporter. Application will terminate with return code 0