Using pre-set license
Built from '2021.3/staging' branch; Version is '2021.3.18f1 (3129e69bc0c7) revision 3221990'; Using compiler version '192829333'; Build Type 'Release'
OS: 'Windows 11  (10.0.22000) 64bit Professional' Language: 'zh' Physical Memory: 65273 MB
BatchMode: 1, IsHumanControllingUs: 0, StartBugReporterOnCrash: 0, Is64bit: 1, IsPro: 1

COMMAND LINE ARGUMENTS:
C:\Program Files\Unity\Hub\Editor\2021.3.18f1\Editor\Unity.exe
-adb2
-batchMode
-noUpm
-name
AssetImportWorker5
-projectPath
E:/作业/Dev UX/A3/Assessment3/Assessment3
-logFile
Logs/AssetImportWorker5.log
-srvPort
2280
Successfully changed project path to: E:/作业/Dev UX/A3/Assessment3/Assessment3
E:/作业/Dev UX/A3/Assessment3/Assessment3
[UnityMemory] Configuration Parameters - Can be set up in boot.config
    "memorysetup-bucket-allocator-granularity=16"
    "memorysetup-bucket-allocator-bucket-count=8"
    "memorysetup-bucket-allocator-block-size=33554432"
    "memorysetup-bucket-allocator-block-count=8"
    "memorysetup-main-allocator-block-size=16777216"
    "memorysetup-thread-allocator-block-size=16777216"
    "memorysetup-gfx-main-allocator-block-size=16777216"
    "memorysetup-gfx-thread-allocator-block-size=16777216"
    "memorysetup-cache-allocator-block-size=4194304"
    "memorysetup-typetree-allocator-block-size=2097152"
    "memorysetup-profiler-bucket-allocator-granularity=16"
    "memorysetup-profiler-bucket-allocator-bucket-count=8"
    "memorysetup-profiler-bucket-allocator-block-size=33554432"
    "memorysetup-profiler-bucket-allocator-block-count=8"
    "memorysetup-profiler-allocator-block-size=16777216"
    "memorysetup-profiler-editor-allocator-block-size=1048576"
    "memorysetup-temp-allocator-size-main=16777216"
    "memorysetup-job-temp-allocator-block-size=2097152"
    "memorysetup-job-temp-allocator-block-size-background=1048576"
    "memorysetup-job-temp-allocator-reduction-small-platforms=262144"
    "memorysetup-temp-allocator-size-background-worker=32768"
    "memorysetup-temp-allocator-size-job-worker=262144"
    "memorysetup-temp-allocator-size-preload-manager=33554432"
    "memorysetup-temp-allocator-size-nav-mesh-worker=65536"
    "memorysetup-temp-allocator-size-audio-worker=65536"
    "memorysetup-temp-allocator-size-cloud-worker=32768"
    "memorysetup-temp-allocator-size-gi-baking-worker=262144"
    "memorysetup-temp-allocator-size-gfx=262144"
Player connection [12428] Host "[IP] 192.168.2.247 [Port] 0 [Flags] 2 [Guid] 4165236865 [EditorId] 4165236865 [Version] 1048832 [Id] WindowsEditor(7,TakoDesktop) [Debug] 1 [PackageName] WindowsEditor [ProjectName] Editor" joined multi-casting on [225.0.0.222:54997]...

Player connection [12428] Host "[IP] 192.168.2.247 [Port] 0 [Flags] 2 [Guid] 4165236865 [EditorId] 4165236865 [Version] 1048832 [Id] WindowsEditor(7,TakoDesktop) [Debug] 1 [PackageName] WindowsEditor [ProjectName] Editor" joined alternative multi-casting on [225.0.0.222:34997]...

Refreshing native plugins compatible for Editor in 63.34 ms, found 3 plugins.
Preloading 0 native plugins for Editor in 0.00 ms.
Initialize engine version: 2021.3.18f1 (3129e69bc0c7)
[Subsystems] Discovering subsystems at path C:/Program Files/Unity/Hub/Editor/2021.3.18f1/Editor/Data/Resources/UnitySubsystems
[Subsystems] Discovering subsystems at path E:/作业/Dev UX/A3/Assessment3/Assessment3/Assets
GfxDevice: creating device client; threaded=0; jobified=0
Direct3D:
    Version:  Direct3D 11.0 [level 11.1]
    Renderer: NVIDIA GeForce RTX 3080 (ID=0x2216)
    Vendor:   NVIDIA
    VRAM:     10067 MB
    Driver:   31.0.15.4633
Initialize mono
Mono path[0] = 'C:/Program Files/Unity/Hub/Editor/2021.3.18f1/Editor/Data/Managed'
Mono path[1] = 'C:/Program Files/Unity/Hub/Editor/2021.3.18f1/Editor/Data/MonoBleedingEdge/lib/mono/unityjit-win32'
Mono config path = 'C:/Program Files/Unity/Hub/Editor/2021.3.18f1/Editor/Data/MonoBleedingEdge/etc'
Using monoOptions --debugger-agent=transport=dt_socket,embedding=1,server=y,suspend=n,address=127.0.0.1:56272
Begin MonoManager ReloadAssembly
Registering precompiled unity dll's ...
Register platform support module: C:/Program Files/Unity/Hub/Editor/2021.3.18f1/Editor/Data/PlaybackEngines/WebGLSupport/UnityEditor.WebGL.Extensions.dll
Register platform support module: C:/Program Files/Unity/Hub/Editor/2021.3.18f1/Editor/Data/PlaybackEngines/WindowsStandaloneSupport/UnityEditor.WindowsStandalone.Extensions.dll
Registered in 0.002819 seconds.
Native extension for WindowsStandalone target not found
Native extension for WebGL target not found
Refreshing native plugins compatible for Editor in 57.56 ms, found 3 plugins.
Preloading 0 native plugins for Editor in 0.00 ms.
Mono: successfully reloaded assembly
- Completed reload, in  0.394 seconds
Domain Reload Profiling:
	ReloadAssembly (395ms)
		BeginReloadAssembly (44ms)
			ExecutionOrderSort (0ms)
			DisableScriptedObjects (0ms)
			BackupInstance (0ms)
			ReleaseScriptingObjects (0ms)
			CreateAndSetChildDomain (1ms)
		EndReloadAssembly (286ms)
			LoadAssemblies (43ms)
			RebuildTransferFunctionScriptingTraits (0ms)
			SetupTypeCache (62ms)
			ReleaseScriptCaches (0ms)
			RebuildScriptCaches (16ms)
			SetupLoadedEditorAssemblies (178ms)
				LogAssemblyErrors (0ms)
				InitializePlatformSupportModulesInManaged (5ms)
				SetLoadedEditorAssemblies (0ms)
				RefreshPlugins (58ms)
				BeforeProcessingInitializeOnLoad (1ms)
				ProcessInitializeOnLoadAttributes (82ms)
				ProcessInitializeOnLoadMethodAttributes (31ms)
				AfterProcessingInitializeOnLoad (0ms)
				EditorAssembliesLoaded (0ms)
			ExecutionOrderSort2 (0ms)
			AwakeInstancesAfterBackupRestoration (0ms)
Platform modules already initialized, skipping
Registering precompiled user dll's ...
Registered in 0.001769 seconds.
Begin MonoManager ReloadAssembly
Symbol file LoadedFromMemory doesn't match image E:\作业\Dev UX\A3\Assessment3\Assessment3\Library\PackageCache\com.unity.visualscripting@1.8.0\Editor\VisualScripting.Core\Dependencies\YamlDotNet\Unity.VisualScripting.YamlDotNet.dll
Symbol file LoadedFromMemory doesn't match image E:\作业\Dev UX\A3\Assessment3\Assessment3\Library\PackageCache\com.unity.visualscripting@1.8.0\Editor\VisualScripting.Core\Dependencies\DotNetZip\Unity.VisualScripting.IonicZip.dll
Native extension for WindowsStandalone target not found
Native extension for WebGL target not found
Refreshing native plugins compatible for Editor in 52.86 ms, found 3 plugins.
Preloading 0 native plugins for Editor in 0.00 ms.
Mono: successfully reloaded assembly
- Completed reload, in  0.688 seconds
Domain Reload Profiling:
	ReloadAssembly (689ms)
		BeginReloadAssembly (60ms)
			ExecutionOrderSort (0ms)
			DisableScriptedObjects (3ms)
			BackupInstance (0ms)
			ReleaseScriptingObjects (0ms)
			CreateAndSetChildDomain (12ms)
		EndReloadAssembly (561ms)
			LoadAssemblies (45ms)
			RebuildTransferFunctionScriptingTraits (0ms)
			SetupTypeCache (153ms)
			ReleaseScriptCaches (1ms)
			RebuildScriptCaches (34ms)
			SetupLoadedEditorAssemblies (300ms)
				LogAssemblyErrors (0ms)
				InitializePlatformSupportModulesInManaged (3ms)
				SetLoadedEditorAssemblies (0ms)
				RefreshPlugins (53ms)
				BeforeProcessingInitializeOnLoad (47ms)
				ProcessInitializeOnLoadAttributes (183ms)
				ProcessInitializeOnLoadMethodAttributes (10ms)
				AfterProcessingInitializeOnLoad (3ms)
				EditorAssembliesLoaded (0ms)
			ExecutionOrderSort2 (0ms)
			AwakeInstancesAfterBackupRestoration (5ms)
Platform modules already initialized, skipping
========================================================================
Worker process is ready to serve import requests
Launched and connected shader compiler UnityShaderCompiler.exe after 0.04 seconds
Refreshing native plugins compatible for Editor in 0.40 ms, found 3 plugins.
Preloading 0 native plugins for Editor in 0.00 ms.
Unloading 3749 Unused Serialized files (Serialized files now loaded: 0)
Unloading 52 unused Assets / (1.4 MB). Loaded Objects now: 4222.
Memory consumption went from 162.1 MB to 160.7 MB.
Total: 2.343500 ms (FindLiveObjects: 0.206800 ms CreateObjectMapping: 0.084600 ms MarkObjects: 1.865700 ms  DeleteObjects: 0.185300 ms)

AssetImportParameters requested are different than current active one (requested -> active):
  custom:video-decoder-ogg-theora: a1e56fd34408186e4bbccfd4996cb3dc -> 
  custom:container-muxer-webm: aa71ff27fc2769a1b78a27578f13a17b -> 
  custom:container-demuxer-webm: 4f35f7cbe854078d1ac9338744f61a02 -> 
  custom:video-encoder-webm-vp8: eb34c28f22e8b96e1ab97ce403110664 -> 
  custom:audio-encoder-webm-vorbis: bf7c407c2cedff20999df2af8eb42d56 -> 
  custom:framework-win-MediaFoundation: 216162199b28c13a410421893ffa2e32 -> 
  custom:container-demuxer-ogg: 62fdf1f143b41e24485cea50d1cbac27 -> 
  custom:video-decoder-webm-vp8: 9c59270c3fd7afecdb556c50c9e8de78 -> 
  custom:audio-decoder-ogg-vorbis: bf7c407c2cedff20999df2af8eb42d56 -> 
========================================================================
Received Import Request.
  Time since last request: 652393.478123 seconds.
  path: Assets/LiYunlin/Materials/Dust.mat
  artifactKey: Guid(3c07c99ebab290f4bbb1d2bebddfd155) Importer(815301076,1909f56bfc062723c751e8b465ee728b)
Start importing Assets/LiYunlin/Materials/Dust.mat using Guid(3c07c99ebab290f4bbb1d2bebddfd155) Importer(815301076,1909f56bfc062723c751e8b465ee728b)  -> (artifact id: '24a24579f464f9b00a1142b75eddd08a') in 0.104110 seconds 
========================================================================
Received Import Request.
  Time since last request: 0.000038 seconds.
  path: Assets/UnityStore/Vast Outer Space/Materials/Galaxy_K.mat
  artifactKey: Guid(272e34df9fd985b45912c5aede7d17f9) Importer(815301076,1909f56bfc062723c751e8b465ee728b)
Start importing Assets/UnityStore/Vast Outer Space/Materials/Galaxy_K.mat using Guid(272e34df9fd985b45912c5aede7d17f9) Importer(815301076,1909f56bfc062723c751e8b465ee728b)  -> (artifact id: 'e4726311716fc199ef4122043a8e2bd4') in 0.028063 seconds 
========================================================================
Received Import Request.
  Time since last request: 0.000024 seconds.
  path: Assets/UnityStore/Vast Outer Space/Materials/Galaxy_C.mat
  artifactKey: Guid(d183597259be88c40831b9caa4fc2f5b) Importer(815301076,1909f56bfc062723c751e8b465ee728b)
Start importing Assets/UnityStore/Vast Outer Space/Materials/Galaxy_C.mat using Guid(d183597259be88c40831b9caa4fc2f5b) Importer(815301076,1909f56bfc062723c751e8b465ee728b)  -> (artifact id: '5446309e4c30c1b7bcbb940f49e39e4b') in 0.023947 seconds 
========================================================================
Received Import Request.
  Time since last request: 0.000032 seconds.
  path: Assets/UnityStore/Lunar Landscape 3D/Resources/Materials/Milkyway.mat
  artifactKey: Guid(23916da3af1104b4abeb3b9be53334b1) Importer(815301076,1909f56bfc062723c751e8b465ee728b)
Start importing Assets/UnityStore/Lunar Landscape 3D/Resources/Materials/Milkyway.mat using Guid(23916da3af1104b4abeb3b9be53334b1) Importer(815301076,1909f56bfc062723c751e8b465ee728b)  -> (artifact id: 'b66d1b0a877de81e5bd3bcdfccd53d5b') in 0.022067 seconds 
========================================================================
Received Import Request.
  Time since last request: 0.000028 seconds.
  path: Assets/UnityStore/Vast Outer Space/Materials/Nebula_BCD.mat
  artifactKey: Guid(336ee98b1a637f148a8868aa347b1910) Importer(815301076,1909f56bfc062723c751e8b465ee728b)
Start importing Assets/UnityStore/Vast Outer Space/Materials/Nebula_BCD.mat using Guid(336ee98b1a637f148a8868aa347b1910) Importer(815301076,1909f56bfc062723c751e8b465ee728b)  -> (artifact id: 'fb48cf5c061d1c8ba43ba6ba8141516b') in 0.010497 seconds 
========================================================================
Received Import Request.
  Time since last request: 0.000022 seconds.
  path: Assets/UnityStore/Vast Outer Space/Materials/Nebula_D.mat
  artifactKey: Guid(d3caa4e356bfbc94fbe8823e9914b1a4) Importer(815301076,1909f56bfc062723c751e8b465ee728b)
Start importing Assets/UnityStore/Vast Outer Space/Materials/Nebula_D.mat using Guid(d3caa4e356bfbc94fbe8823e9914b1a4) Importer(815301076,1909f56bfc062723c751e8b465ee728b)  -> (artifact id: 'dd5e93d736c50d96cd040b566e4b617f') in 0.017974 seconds 
========================================================================
Received Import Request.
  Time since last request: 0.000019 seconds.
  path: Assets/UnityStore/Vast Outer Space/Materials/Gas_Planet_J.mat
  artifactKey: Guid(4e1a2f8b73db48b4f81c68e23e158f37) Importer(815301076,1909f56bfc062723c751e8b465ee728b)
Start importing Assets/UnityStore/Vast Outer Space/Materials/Gas_Planet_J.mat using Guid(4e1a2f8b73db48b4f81c68e23e158f37) Importer(815301076,1909f56bfc062723c751e8b465ee728b)  -> (artifact id: '433becc61af8c5de2f87758b0683df73') in 0.025362 seconds 
========================================================================
Received Import Request.
  Time since last request: 0.000015 seconds.
  path: Assets/LiYunlin/Animation/Materials/phong1.mat
  artifactKey: Guid(f1b26be622e2de849ba8cfa2c65b3da4) Importer(815301076,1909f56bfc062723c751e8b465ee728b)
Start importing Assets/LiYunlin/Animation/Materials/phong1.mat using Guid(f1b26be622e2de849ba8cfa2c65b3da4) Importer(815301076,1909f56bfc062723c751e8b465ee728b)  -> (artifact id: '3624a46f190dce26ac577d1d8fa860d3') in 0.006373 seconds 
========================================================================
Received Import Request.
  Time since last request: 0.000021 seconds.
  path: Assets/UnityStore/SciFi Warehouse Kit/Art/Materials/Light Mat.mat
  artifactKey: Guid(bc9fc69a1c4243343bff25dd7532a1b0) Importer(815301076,1909f56bfc062723c751e8b465ee728b)
Start importing Assets/UnityStore/SciFi Warehouse Kit/Art/Materials/Light Mat.mat using Guid(bc9fc69a1c4243343bff25dd7532a1b0) Importer(815301076,1909f56bfc062723c751e8b465ee728b)  -> (artifact id: 'de82c672ccb5914939c695cfb498eee5') in 0.008277 seconds 
========================================================================
Received Import Request.
  Time since last request: 0.000022 seconds.
  path: Assets/UnityStore/Vast Outer Space/Materials/Planet_J.mat
  artifactKey: Guid(311b53a96f17fc14aa3d1309d6374d60) Importer(815301076,1909f56bfc062723c751e8b465ee728b)
Start importing Assets/UnityStore/Vast Outer Space/Materials/Planet_J.mat using Guid(311b53a96f17fc14aa3d1309d6374d60) Importer(815301076,1909f56bfc062723c751e8b465ee728b)  -> (artifact id: '2ab5c8a7c6e49601c224fd0df9ef4584') in 0.028031 seconds 
========================================================================
Received Import Request.
  Time since last request: 0.000014 seconds.
  path: Assets/UnityStore/Vast Outer Space/Materials/Planet_Ring_D2.mat
  artifactKey: Guid(2fcdc848eff87ca439d154813662ba63) Importer(815301076,1909f56bfc062723c751e8b465ee728b)
Start importing Assets/UnityStore/Vast Outer Space/Materials/Planet_Ring_D2.mat using Guid(2fcdc848eff87ca439d154813662ba63) Importer(815301076,1909f56bfc062723c751e8b465ee728b)  -> (artifact id: 'e18c5143a8dfb0b27a15490aeffb12ba') in 0.040027 seconds 
========================================================================
Received Import Request.
  Time since last request: 0.000018 seconds.
  path: Assets/UnityStore/Lunar Landscape 3D/Resources/Materials/Rocks.mat
  artifactKey: Guid(a94e4919a2a644947a7fd87336643265) Importer(815301076,1909f56bfc062723c751e8b465ee728b)
Start importing Assets/UnityStore/Lunar Landscape 3D/Resources/Materials/Rocks.mat using Guid(a94e4919a2a644947a7fd87336643265) Importer(815301076,1909f56bfc062723c751e8b465ee728b)  -> (artifact id: '26754341b4225663c176aa5eab7d5100') in 0.010995 seconds 
========================================================================
Received Import Request.
  Time since last request: 0.000038 seconds.
  path: Assets/UnityStore/SciFi Warehouse Kit/Art/Materials/Stairs Trans Mat.mat
  artifactKey: Guid(1df9dc61ea6b6c849b9e221d26f156bd) Importer(815301076,1909f56bfc062723c751e8b465ee728b)
Start importing Assets/UnityStore/SciFi Warehouse Kit/Art/Materials/Stairs Trans Mat.mat using Guid(1df9dc61ea6b6c849b9e221d26f156bd) Importer(815301076,1909f56bfc062723c751e8b465ee728b)  -> (artifact id: '2cf125e9c416c4ac3cec8f51414a47a9') in 0.091320 seconds 
========================================================================
Received Import Request.
  Time since last request: 0.000047 seconds.
  path: Assets/UnityStore/SciFi Warehouse Kit/Art/Meshes/Structures/Corridors/Corridor Doors.fbx
  artifactKey: Guid(825edafc6ccf17640908cb6b69e1c65f) Importer(815301076,1909f56bfc062723c751e8b465ee728b)
Start importing Assets/UnityStore/SciFi Warehouse Kit/Art/Meshes/Structures/Corridors/Corridor Doors.fbx using Guid(825edafc6ccf17640908cb6b69e1c65f) Importer(815301076,1909f56bfc062723c751e8b465ee728b)  -> (artifact id: 'bab178fd592b9fef034cc799fd3ab0da') in 0.228000 seconds 
========================================================================
Received Import Request.
  Time since last request: 0.000022 seconds.
  path: Assets/UnityStore/Vast Outer Space/Materials/Planet_Ring_B2.mat
  artifactKey: Guid(4f83bc1d85beeac40b72ba9923b692ed) Importer(815301076,1909f56bfc062723c751e8b465ee728b)
Start importing Assets/UnityStore/Vast Outer Space/Materials/Planet_Ring_B2.mat using Guid(4f83bc1d85beeac40b72ba9923b692ed) Importer(815301076,1909f56bfc062723c751e8b465ee728b)  -> (artifact id: '07246bc702f3f15ae8f8a71565fe799d') in 0.020333 seconds 
========================================================================
Received Import Request.
  Time since last request: 0.000026 seconds.
  path: Assets/UnityStore/Vast Outer Space/Materials/Gas_Planet_C.mat
  artifactKey: Guid(f8ffae789d3897c41af6cc9cda7cca0f) Importer(815301076,1909f56bfc062723c751e8b465ee728b)
Start importing Assets/UnityStore/Vast Outer Space/Materials/Gas_Planet_C.mat using Guid(f8ffae789d3897c41af6cc9cda7cca0f) Importer(815301076,1909f56bfc062723c751e8b465ee728b)  -> (artifact id: 'a10aeec9934fd4978ff59ea70c60ffc7') in 0.012857 seconds 
========================================================================
Received Import Request.
  Time since last request: 0.000020 seconds.
  path: Assets/UnityStore/Vast Outer Space/Materials/Galaxy_B.mat
  artifactKey: Guid(f1a99c9e45c32fc4ca47754db4d192c8) Importer(815301076,1909f56bfc062723c751e8b465ee728b)
Start importing Assets/UnityStore/Vast Outer Space/Materials/Galaxy_B.mat using Guid(f1a99c9e45c32fc4ca47754db4d192c8) Importer(815301076,1909f56bfc062723c751e8b465ee728b)  -> (artifact id: 'fbb587b561d2143e3d44da3ae48af028') in 0.011335 seconds 
========================================================================
Received Import Request.
  Time since last request: 0.000013 seconds.
  path: Assets/UnityStore/Vast Outer Space/Materials/Sun.mat
  artifactKey: Guid(7e8139552baf796498fde26cbcec5419) Importer(815301076,1909f56bfc062723c751e8b465ee728b)
Start importing Assets/UnityStore/Vast Outer Space/Materials/Sun.mat using Guid(7e8139552baf796498fde26cbcec5419) Importer(815301076,1909f56bfc062723c751e8b465ee728b)  -> (artifact id: '986b4bbf2ce4942bd5a04f0f6c4a3adb') in 0.020141 seconds 
========================================================================
Received Import Request.
  Time since last request: 0.000012 seconds.
  path: Assets/UnityStore/StarSparrow/Materials/Extra/StarSparrow_Cyan.mat
  artifactKey: Guid(330bedba310e2284aab3841c2cde6780) Importer(815301076,1909f56bfc062723c751e8b465ee728b)
Start importing Assets/UnityStore/StarSparrow/Materials/Extra/StarSparrow_Cyan.mat using Guid(330bedba310e2284aab3841c2cde6780) Importer(815301076,1909f56bfc062723c751e8b465ee728b)  -> (artifact id: '3e47e9e72ca669fc14a59be8ad3bb537') in 0.027846 seconds 
========================================================================
Received Import Request.
  Time since last request: 0.000013 seconds.
  path: Assets/UnityStore/Vast Outer Space/Materials/Star_White.mat
  artifactKey: Guid(b9ff41e40ef08194494509ffbe8a4d8b) Importer(815301076,1909f56bfc062723c751e8b465ee728b)
Start importing Assets/UnityStore/Vast Outer Space/Materials/Star_White.mat using Guid(b9ff41e40ef08194494509ffbe8a4d8b) Importer(815301076,1909f56bfc062723c751e8b465ee728b)  -> (artifact id: '79513ccc9d075a421aeb70fced14ca0d') in 0.005838 seconds 
========================================================================
Received Import Request.
  Time since last request: 0.000020 seconds.
  path: Assets/UnityStore/Vast Outer Space/Materials/Planet_Ring_E1.mat
  artifactKey: Guid(765a6983b192dd64b99739ca4de299d0) Importer(815301076,1909f56bfc062723c751e8b465ee728b)
Start importing Assets/UnityStore/Vast Outer Space/Materials/Planet_Ring_E1.mat using Guid(765a6983b192dd64b99739ca4de299d0) Importer(815301076,1909f56bfc062723c751e8b465ee728b)  -> (artifact id: '040fa62deda2ba33b506dd603a13b153') in 0.012390 seconds 
========================================================================
Received Import Request.
  Time since last request: 0.000019 seconds.
  path: Assets/LiYunlin/Animation/Materials/phong3.mat
  artifactKey: Guid(adf1e2e3e7a294c4993e365038b0da26) Importer(815301076,1909f56bfc062723c751e8b465ee728b)
Start importing Assets/LiYunlin/Animation/Materials/phong3.mat using Guid(adf1e2e3e7a294c4993e365038b0da26) Importer(815301076,1909f56bfc062723c751e8b465ee728b)  -> (artifact id: 'e30668d4c072becf1361e70d5d43bcbe') in 0.024307 seconds 
========================================================================
Received Import Request.
  Time since last request: 0.000022 seconds.
  path: Assets/UnityStore/Vast Outer Space/Materials/Planet_Ring_A1.mat
  artifactKey: Guid(c5864572449bb814a81fceae75565277) Importer(815301076,1909f56bfc062723c751e8b465ee728b)
Start importing Assets/UnityStore/Vast Outer Space/Materials/Planet_Ring_A1.mat using Guid(c5864572449bb814a81fceae75565277) Importer(815301076,1909f56bfc062723c751e8b465ee728b)  -> (artifact id: '9b075d4be9d0b22c476296d1689214a2') in 0.032751 seconds 
========================================================================
Received Import Request.
  Time since last request: 0.000016 seconds.
  path: Assets/UnityStore/Vast Outer Space/Materials/Nebula_DE.mat
  artifactKey: Guid(02695f652946c7e47894bac87ea63a18) Importer(815301076,1909f56bfc062723c751e8b465ee728b)
Start importing Assets/UnityStore/Vast Outer Space/Materials/Nebula_DE.mat using Guid(02695f652946c7e47894bac87ea63a18) Importer(815301076,1909f56bfc062723c751e8b465ee728b)  -> (artifact id: 'c63086bdcd8174da583378f2a94699a3') in 0.012149 seconds 
========================================================================
Received Import Request.
  Time since last request: 0.000017 seconds.
  path: Assets/UnityStore/Vast Outer Space/Materials/Planet_E.mat
  artifactKey: Guid(979c24c8411d50249895c216227fe20e) Importer(815301076,1909f56bfc062723c751e8b465ee728b)
Start importing Assets/UnityStore/Vast Outer Space/Materials/Planet_E.mat using Guid(979c24c8411d50249895c216227fe20e) Importer(815301076,1909f56bfc062723c751e8b465ee728b)  -> (artifact id: '244d148a6049ea13f6131eb062aab8e5') in 0.019408 seconds 
========================================================================
Received Import Request.
  Time since last request: 0.000026 seconds.
  path: Assets/UnityStore/StarSparrow/Materials/Extra/StarSparrow_Black.mat
  artifactKey: Guid(bccd59c329f7a11449e3220748484c14) Importer(815301076,1909f56bfc062723c751e8b465ee728b)
Start importing Assets/UnityStore/StarSparrow/Materials/Extra/StarSparrow_Black.mat using Guid(bccd59c329f7a11449e3220748484c14) Importer(815301076,1909f56bfc062723c751e8b465ee728b)  -> (artifact id: '342c2804ce020c3b4d52c752c70d7d5a') in 0.023617 seconds 
========================================================================
Received Import Request.
  Time since last request: 0.000025 seconds.
  path: Assets/UnityStore/Vast Outer Space/Materials/Skybox_A.mat
  artifactKey: Guid(89ed994de3786cd4a8c3093c2574ae20) Importer(815301076,1909f56bfc062723c751e8b465ee728b)
Start importing Assets/UnityStore/Vast Outer Space/Materials/Skybox_A.mat using Guid(89ed994de3786cd4a8c3093c2574ae20) Importer(815301076,1909f56bfc062723c751e8b465ee728b)  -> (artifact id: '59a050ea1370fb07e69472c598fc83f4') in 0.013424 seconds 
========================================================================
Received Import Request.
  Time since last request: 0.000018 seconds.
  path: Assets/LiYunlin/Materials/Milkyway.mat
  artifactKey: Guid(a78951e1afc79774b8baf6e9394d2501) Importer(815301076,1909f56bfc062723c751e8b465ee728b)
Start importing Assets/LiYunlin/Materials/Milkyway.mat using Guid(a78951e1afc79774b8baf6e9394d2501) Importer(815301076,1909f56bfc062723c751e8b465ee728b)  -> (artifact id: '630ed5d95ffbff0f9519145064b4f783') in 0.013030 seconds 
========================================================================
Received Import Request.
  Time since last request: 0.000017 seconds.
  path: Assets/UnityStore/Vast Outer Space/Materials/Planet_K.mat
  artifactKey: Guid(3abbde2540c5f27498cfa1858316b3b3) Importer(815301076,1909f56bfc062723c751e8b465ee728b)
Start importing Assets/UnityStore/Vast Outer Space/Materials/Planet_K.mat using Guid(3abbde2540c5f27498cfa1858316b3b3) Importer(815301076,1909f56bfc062723c751e8b465ee728b)  -> (artifact id: '7f1e82da4fef3e463e36225bd58ac5e7') in 0.014823 seconds 
========================================================================
Received Import Request.
  Time since last request: 0.000013 seconds.
  path: Assets/UnityStore/Vast Outer Space/Materials/Star_Orange.mat
  artifactKey: Guid(d8faa7b45bfa7c44eac0d4ac2986c41a) Importer(815301076,1909f56bfc062723c751e8b465ee728b)
Start importing Assets/UnityStore/Vast Outer Space/Materials/Star_Orange.mat using Guid(d8faa7b45bfa7c44eac0d4ac2986c41a) Importer(815301076,1909f56bfc062723c751e8b465ee728b)  -> (artifact id: 'c320322e7f229331053b542f22cc3be9') in 0.006986 seconds 
========================================================================
Received Import Request.
  Time since last request: 0.000019 seconds.
  path: Assets/UnityStore/Vast Outer Space/Materials/Star_Yellow.mat
  artifactKey: Guid(8f69b006c34a48e49850715882beab56) Importer(815301076,1909f56bfc062723c751e8b465ee728b)
Start importing Assets/UnityStore/Vast Outer Space/Materials/Star_Yellow.mat using Guid(8f69b006c34a48e49850715882beab56) Importer(815301076,1909f56bfc062723c751e8b465ee728b)  -> (artifact id: '31f654d633a481dba0839adbe825ae6b') in 0.049363 seconds 
========================================================================
Received Import Request.
  Time since last request: 0.000016 seconds.
  path: Assets/UnityStore/Vast Outer Space/Materials/Star_Pink.mat
  artifactKey: Guid(2314828d16c3a43469160bcbc61f2a6b) Importer(815301076,1909f56bfc062723c751e8b465ee728b)
Start importing Assets/UnityStore/Vast Outer Space/Materials/Star_Pink.mat using Guid(2314828d16c3a43469160bcbc61f2a6b) Importer(815301076,1909f56bfc062723c751e8b465ee728b)  -> (artifact id: '48603efb870096ec34b24cafb33a5c03') in 0.010047 seconds 
========================================================================
Received Import Request.
  Time since last request: 0.000011 seconds.
  path: Assets/UnityStore/StarSparrow/Materials/Extra/StarSparrow_Orange.mat
  artifactKey: Guid(ad3f1f7e85cc2e44181aeb349f446cb9) Importer(815301076,1909f56bfc062723c751e8b465ee728b)
Start importing Assets/UnityStore/StarSparrow/Materials/Extra/StarSparrow_Orange.mat using Guid(ad3f1f7e85cc2e44181aeb349f446cb9) Importer(815301076,1909f56bfc062723c751e8b465ee728b)  -> (artifact id: 'bb02430d54dc9fae1235ccc46bb46a84') in 0.027946 seconds 
Editor requested this worker to shutdown with reason: Scaling down because of idle timeout
AssetImportWorker is now disconnected from the server
Process exiting
Exiting without the bug reporter. Application will terminate with return code 0