Using pre-set license
Built from '2021.3/staging' branch; Version is '2021.3.18f1 (3129e69bc0c7) revision 3221990'; Using compiler version '192829333'; Build Type 'Release'
OS: 'Windows 11  (10.0.22000) 64bit Professional' Language: 'zh' Physical Memory: 65273 MB
BatchMode: 1, IsHumanControllingUs: 0, StartBugReporterOnCrash: 0, Is64bit: 1, IsPro: 1

COMMAND LINE ARGUMENTS:
C:\Program Files\Unity\Hub\Editor\2021.3.18f1\Editor\Unity.exe
-adb2
-batchMode
-noUpm
-name
AssetImportWorker22
-projectPath
E:/作业/Dev UX/A3/Assessment3/Assessment3
-logFile
Logs/AssetImportWorker22.log
-srvPort
2280
Successfully changed project path to: E:/作业/Dev UX/A3/Assessment3/Assessment3
E:/作业/Dev UX/A3/Assessment3/Assessment3
[UnityMemory] Configuration Parameters - Can be set up in boot.config
    "memorysetup-bucket-allocator-granularity=16"
    "memorysetup-bucket-allocator-bucket-count=8"
    "memorysetup-bucket-allocator-block-size=33554432"
    "memorysetup-bucket-allocator-block-count=8"
    "memorysetup-main-allocator-block-size=16777216"
    "memorysetup-thread-allocator-block-size=16777216"
    "memorysetup-gfx-main-allocator-block-size=16777216"
    "memorysetup-gfx-thread-allocator-block-size=16777216"
    "memorysetup-cache-allocator-block-size=4194304"
    "memorysetup-typetree-allocator-block-size=2097152"
    "memorysetup-profiler-bucket-allocator-granularity=16"
    "memorysetup-profiler-bucket-allocator-bucket-count=8"
    "memorysetup-profiler-bucket-allocator-block-size=33554432"
    "memorysetup-profiler-bucket-allocator-block-count=8"
    "memorysetup-profiler-allocator-block-size=16777216"
    "memorysetup-profiler-editor-allocator-block-size=1048576"
    "memorysetup-temp-allocator-size-main=16777216"
    "memorysetup-job-temp-allocator-block-size=2097152"
    "memorysetup-job-temp-allocator-block-size-background=1048576"
    "memorysetup-job-temp-allocator-reduction-small-platforms=262144"
    "memorysetup-temp-allocator-size-background-worker=32768"
    "memorysetup-temp-allocator-size-job-worker=262144"
    "memorysetup-temp-allocator-size-preload-manager=33554432"
    "memorysetup-temp-allocator-size-nav-mesh-worker=65536"
    "memorysetup-temp-allocator-size-audio-worker=65536"
    "memorysetup-temp-allocator-size-cloud-worker=32768"
    "memorysetup-temp-allocator-size-gi-baking-worker=262144"
    "memorysetup-temp-allocator-size-gfx=262144"
Player connection [57124] Host "[IP] 192.168.2.247 [Port] 0 [Flags] 2 [Guid] 918220392 [EditorId] 918220392 [Version] 1048832 [Id] WindowsEditor(7,TakoDesktop) [Debug] 1 [PackageName] WindowsEditor [ProjectName] Editor" joined multi-casting on [225.0.0.222:54997]...

Player connection [57124] Host "[IP] 192.168.2.247 [Port] 0 [Flags] 2 [Guid] 918220392 [EditorId] 918220392 [Version] 1048832 [Id] WindowsEditor(7,TakoDesktop) [Debug] 1 [PackageName] WindowsEditor [ProjectName] Editor" joined alternative multi-casting on [225.0.0.222:34997]...

Refreshing native plugins compatible for Editor in 57.47 ms, found 3 plugins.
Preloading 0 native plugins for Editor in 0.00 ms.
Initialize engine version: 2021.3.18f1 (3129e69bc0c7)
[Subsystems] Discovering subsystems at path C:/Program Files/Unity/Hub/Editor/2021.3.18f1/Editor/Data/Resources/UnitySubsystems
[Subsystems] Discovering subsystems at path E:/作业/Dev UX/A3/Assessment3/Assessment3/Assets
GfxDevice: creating device client; threaded=0; jobified=0
Direct3D:
    Version:  Direct3D 11.0 [level 11.1]
    Renderer: NVIDIA GeForce RTX 3080 (ID=0x2216)
    Vendor:   NVIDIA
    VRAM:     10067 MB
    Driver:   31.0.15.4633
Shader 'WFX/Transparent Diffuse': fallback shader 'Particles/Alpha Blended' not found
Shader 'WFX/Transparent Specular': fallback shader 'Particles/Alpha Blended' not found
Initialize mono
Mono path[0] = 'C:/Program Files/Unity/Hub/Editor/2021.3.18f1/Editor/Data/Managed'
Mono path[1] = 'C:/Program Files/Unity/Hub/Editor/2021.3.18f1/Editor/Data/MonoBleedingEdge/lib/mono/unityjit-win32'
Mono config path = 'C:/Program Files/Unity/Hub/Editor/2021.3.18f1/Editor/Data/MonoBleedingEdge/etc'
Using monoOptions --debugger-agent=transport=dt_socket,embedding=1,server=y,suspend=n,address=127.0.0.1:56144
Begin MonoManager ReloadAssembly
Registering precompiled unity dll's ...
Register platform support module: C:/Program Files/Unity/Hub/Editor/2021.3.18f1/Editor/Data/PlaybackEngines/WebGLSupport/UnityEditor.WebGL.Extensions.dll
Register platform support module: C:/Program Files/Unity/Hub/Editor/2021.3.18f1/Editor/Data/PlaybackEngines/WindowsStandaloneSupport/UnityEditor.WindowsStandalone.Extensions.dll
Registered in 0.002539 seconds.
Native extension for WindowsStandalone target not found
Native extension for WebGL target not found
Refreshing native plugins compatible for Editor in 63.80 ms, found 3 plugins.
Preloading 0 native plugins for Editor in 0.00 ms.
Mono: successfully reloaded assembly
- Completed reload, in  0.383 seconds
Domain Reload Profiling:
	ReloadAssembly (383ms)
		BeginReloadAssembly (44ms)
			ExecutionOrderSort (0ms)
			DisableScriptedObjects (0ms)
			BackupInstance (0ms)
			ReleaseScriptingObjects (0ms)
			CreateAndSetChildDomain (0ms)
		EndReloadAssembly (277ms)
			LoadAssemblies (43ms)
			RebuildTransferFunctionScriptingTraits (0ms)
			SetupTypeCache (59ms)
			ReleaseScriptCaches (0ms)
			RebuildScriptCaches (15ms)
			SetupLoadedEditorAssemblies (174ms)
				LogAssemblyErrors (0ms)
				InitializePlatformSupportModulesInManaged (5ms)
				SetLoadedEditorAssemblies (0ms)
				RefreshPlugins (64ms)
				BeforeProcessingInitializeOnLoad (1ms)
				ProcessInitializeOnLoadAttributes (77ms)
				ProcessInitializeOnLoadMethodAttributes (27ms)
				AfterProcessingInitializeOnLoad (0ms)
				EditorAssembliesLoaded (0ms)
			ExecutionOrderSort2 (0ms)
			AwakeInstancesAfterBackupRestoration (0ms)
Platform modules already initialized, skipping
Registering precompiled user dll's ...
Registered in 0.002122 seconds.
Begin MonoManager ReloadAssembly
Symbol file LoadedFromMemory doesn't match image E:\作业\Dev UX\A3\Assessment3\Assessment3\Library\PackageCache\com.unity.visualscripting@1.8.0\Editor\VisualScripting.Core\Dependencies\YamlDotNet\Unity.VisualScripting.YamlDotNet.dll
Symbol file LoadedFromMemory doesn't match image E:\作业\Dev UX\A3\Assessment3\Assessment3\Library\PackageCache\com.unity.visualscripting@1.8.0\Editor\VisualScripting.Core\Dependencies\DotNetZip\Unity.VisualScripting.IonicZip.dll
Native extension for WindowsStandalone target not found
Native extension for WebGL target not found
Refreshing native plugins compatible for Editor in 57.70 ms, found 3 plugins.
Preloading 0 native plugins for Editor in 0.00 ms.
Mono: successfully reloaded assembly
- Completed reload, in  0.731 seconds
Domain Reload Profiling:
	ReloadAssembly (731ms)
		BeginReloadAssembly (79ms)
			ExecutionOrderSort (0ms)
			DisableScriptedObjects (4ms)
			BackupInstance (0ms)
			ReleaseScriptingObjects (0ms)
			CreateAndSetChildDomain (16ms)
		EndReloadAssembly (577ms)
			LoadAssemblies (59ms)
			RebuildTransferFunctionScriptingTraits (0ms)
			SetupTypeCache (157ms)
			ReleaseScriptCaches (0ms)
			RebuildScriptCaches (32ms)
			SetupLoadedEditorAssemblies (309ms)
				LogAssemblyErrors (0ms)
				InitializePlatformSupportModulesInManaged (3ms)
				SetLoadedEditorAssemblies (0ms)
				RefreshPlugins (58ms)
				BeforeProcessingInitializeOnLoad (47ms)
				ProcessInitializeOnLoadAttributes (188ms)
				ProcessInitializeOnLoadMethodAttributes (9ms)
				AfterProcessingInitializeOnLoad (3ms)
				EditorAssembliesLoaded (0ms)
			ExecutionOrderSort2 (0ms)
			AwakeInstancesAfterBackupRestoration (4ms)
Platform modules already initialized, skipping
========================================================================
Worker process is ready to serve import requests
Shader 'WFX/Transparent Specular': fallback shader 'Particles/Alpha Blended' not found
Shader 'WFX/Transparent Diffuse': fallback shader 'Particles/Alpha Blended' not found
Launched and connected shader compiler UnityShaderCompiler.exe after 0.04 seconds
Refreshing native plugins compatible for Editor in 0.82 ms, found 3 plugins.
Preloading 0 native plugins for Editor in 0.00 ms.
Unloading 3798 Unused Serialized files (Serialized files now loaded: 0)
Unloading 51 unused Assets / (1.4 MB). Loaded Objects now: 4281.
Memory consumption went from 174.2 MB to 172.8 MB.
Total: 2.261100 ms (FindLiveObjects: 0.188100 ms CreateObjectMapping: 0.072700 ms MarkObjects: 1.825800 ms  DeleteObjects: 0.173300 ms)

AssetImportParameters requested are different than current active one (requested -> active):
  custom:video-decoder-ogg-theora: a1e56fd34408186e4bbccfd4996cb3dc -> 
  custom:container-muxer-webm: aa71ff27fc2769a1b78a27578f13a17b -> 
  custom:container-demuxer-webm: 4f35f7cbe854078d1ac9338744f61a02 -> 
  custom:video-encoder-webm-vp8: eb34c28f22e8b96e1ab97ce403110664 -> 
  custom:audio-encoder-webm-vorbis: bf7c407c2cedff20999df2af8eb42d56 -> 
  custom:framework-win-MediaFoundation: 216162199b28c13a410421893ffa2e32 -> 
  custom:container-demuxer-ogg: 62fdf1f143b41e24485cea50d1cbac27 -> 
  custom:video-decoder-webm-vp8: 9c59270c3fd7afecdb556c50c9e8de78 -> 
  custom:audio-decoder-ogg-vorbis: bf7c407c2cedff20999df2af8eb42d56 -> 
========================================================================
Received Import Request.
  Time since last request: 702984.182418 seconds.
  path: Assets/WeiZihan/Prefabs/Asteroid.prefab
  artifactKey: Guid(a53c9c32be2cd4d4a835837893483b20) Importer(815301076,1909f56bfc062723c751e8b465ee728b)
Start importing Assets/WeiZihan/Prefabs/Asteroid.prefab using Guid(a53c9c32be2cd4d4a835837893483b20) Importer(815301076,1909f56bfc062723c751e8b465ee728b)  -> (artifact id: 'e0a49f8eef9e782facc5b4b4d8448804') in 0.035671 seconds 
========================================================================
Received Import Request.
  Time since last request: 2.129380 seconds.
  path: Assets/WeiZihan/Prefabs/Asteroid.prefab
  artifactKey: Guid(a53c9c32be2cd4d4a835837893483b20) Importer(815301076,1909f56bfc062723c751e8b465ee728b)
Start importing Assets/WeiZihan/Prefabs/Asteroid.prefab using Guid(a53c9c32be2cd4d4a835837893483b20) Importer(815301076,1909f56bfc062723c751e8b465ee728b)  -> (artifact id: 'fcccb22ff529ed5da8e05e7791543cc4') in 0.101976 seconds 
========================================================================
Received Import Request.
  Time since last request: 11.366109 seconds.
  path: Assets/UnityStore/JMO Assets/WarFX/_Effects (Mobile)/Bullet Impacts/WFXMR_BImpact Concrete NoCollision.prefab
  artifactKey: Guid(f04e15e9b0b32f24b9e87868e8bfbeea) Importer(815301076,1909f56bfc062723c751e8b465ee728b)
Start importing Assets/UnityStore/JMO Assets/WarFX/_Effects (Mobile)/Bullet Impacts/WFXMR_BImpact Concrete NoCollision.prefab using Guid(f04e15e9b0b32f24b9e87868e8bfbeea) Importer(815301076,1909f56bfc062723c751e8b465ee728b)  -> (artifact id: '090f8e5a77e57ca26eff3877936310a0') in 0.013111 seconds 
========================================================================
Received Import Request.
  Time since last request: 0.024535 seconds.
  path: Assets/UnityStore/JMO Assets/WarFX/_Effects (Mobile)/Bullet Impacts/WFXMR_BImpact Dirt.prefab
  artifactKey: Guid(bc8d2212c2ce5ef459edd17d2d63da64) Importer(815301076,1909f56bfc062723c751e8b465ee728b)
Start importing Assets/UnityStore/JMO Assets/WarFX/_Effects (Mobile)/Bullet Impacts/WFXMR_BImpact Dirt.prefab using Guid(bc8d2212c2ce5ef459edd17d2d63da64) Importer(815301076,1909f56bfc062723c751e8b465ee728b)  -> (artifact id: '42696c69685e82b26a399079e6b690ed') in 0.009959 seconds 
========================================================================
Received Import Request.
  Time since last request: 0.024598 seconds.
  path: Assets/UnityStore/JMO Assets/WarFX/_Effects (Mobile)/Bullet Impacts/WFXMR_BImpact Wood.prefab
  artifactKey: Guid(855f647f81ad9774a905ff23fdc26618) Importer(815301076,1909f56bfc062723c751e8b465ee728b)
Start importing Assets/UnityStore/JMO Assets/WarFX/_Effects (Mobile)/Bullet Impacts/WFXMR_BImpact Wood.prefab using Guid(855f647f81ad9774a905ff23fdc26618) Importer(815301076,1909f56bfc062723c751e8b465ee728b)  -> (artifact id: '6794d1fd2c9f4c26ffe8260d35da296e') in 0.065233 seconds 
========================================================================
Received Import Request.
  Time since last request: 0.000013 seconds.
  path: Assets/UnityStore/JMO Assets/WarFX/_Effects (Mobile)/Bullet Impacts/WFXMR_BImpact SoftBody.prefab
  artifactKey: Guid(f75efcef4bb42054abf94f8e5c701adc) Importer(815301076,1909f56bfc062723c751e8b465ee728b)
Start importing Assets/UnityStore/JMO Assets/WarFX/_Effects (Mobile)/Bullet Impacts/WFXMR_BImpact SoftBody.prefab using Guid(f75efcef4bb42054abf94f8e5c701adc) Importer(815301076,1909f56bfc062723c751e8b465ee728b)  -> (artifact id: '8dc8b9e2fcb8a5bdc5cec26a478cbb48') in 0.013372 seconds 
========================================================================
Received Import Request.
  Time since last request: 0.000017 seconds.
  path: Assets/UnityStore/JMO Assets/WarFX/_Effects (Mobile)/Bullet Impacts/WFXMR_BImpact Wood NoCollision.prefab
  artifactKey: Guid(2bad6b8b976e8a44cacd2a270b2d3ef2) Importer(815301076,1909f56bfc062723c751e8b465ee728b)
Start importing Assets/UnityStore/JMO Assets/WarFX/_Effects (Mobile)/Bullet Impacts/WFXMR_BImpact Wood NoCollision.prefab using Guid(2bad6b8b976e8a44cacd2a270b2d3ef2) Importer(815301076,1909f56bfc062723c751e8b465ee728b)  -> (artifact id: 'aa8376625311930006ce4a9dd4a76c73') in 0.089662 seconds 
Editor requested this worker to shutdown with reason: Scaling down because of idle timeout
AssetImportWorker is now disconnected from the server
Process exiting
Exiting without the bug reporter. Application will terminate with return code 0